{"numTotalTestSuites":24,"numPassedTestSuites":16,"numFailedTestSuites":8,"numPendingTestSuites":0,"numTotalTests":53,"numPassedTests":48,"numFailedTests":5,"numPendingTests":0,"numTodoTests":0,"snapshot":{"added":0,"failure":false,"filesAdded":0,"filesRemoved":0,"filesRemovedList":[],"filesUnmatched":0,"filesUpdated":0,"matched":0,"total":0,"unchecked":0,"uncheckedKeysByFile":[],"unmatched":0,"updated":0,"didUpdate":false},"startTime":1774095646837,"success":false,"testResults":[{"assertionResults":[{"ancestorTitles":["mockDelay"],"fullName":"mockDelay resolves at minimum bound when random = 0","status":"passed","title":"resolves at minimum bound when random = 0","duration":4.8711000000000695,"failureMessages":[],"meta":{},"tags":[]},{"ancestorTitles":["mockDelay"],"fullName":"mockDelay never exceeds maximum bound when random is near 1","status":"passed","title":"never exceeds maximum bound when random is near 1","duration":0.907799999999952,"failureMessages":[],"meta":{},"tags":[]},{"ancestorTitles":["mock APIs latency consistency"],"fullName":"mock APIs latency consistency applies at least minimum delay to listServices/listVehicles/listDrivers","status":"passed","title":"applies at least minimum delay to listServices/listVehicles/listDrivers","duration":1.1340999999999894,"failureMessages":[],"meta":{},"tags":[]}],"startTime":1774095648490,"endTime":1774095648497.134,"status":"passed","message":"","name":"C:/Users/Admin/Desktop/shuttle web app/TransitDesk/src/api/mockDelay.test.ts"},{"assertionResults":[{"ancestorTitles":["ALLOWED_TRANSITIONS matrix"],"fullName":"ALLOWED_TRANSITIONS matrix scheduled allows ongoing and cancelled","status":"passed","title":"scheduled allows ongoing and cancelled","duration":2.818899999999985,"failureMessages":[],"meta":{},"tags":[]},{"ancestorTitles":["ALLOWED_TRANSITIONS matrix"],"fullName":"ALLOWED_TRANSITIONS matrix ongoing allows cancelled and completed","status":"passed","title":"ongoing allows cancelled and completed","duration":0.3850999999999658,"failureMessages":[],"meta":{},"tags":[]},{"ancestorTitles":["ALLOWED_TRANSITIONS matrix"],"fullName":"ALLOWED_TRANSITIONS matrix cancelled has no allowed transitions","status":"passed","title":"cancelled has no allowed transitions","duration":0.3085000000000946,"failureMessages":[],"meta":{},"tags":[]},{"ancestorTitles":["ALLOWED_TRANSITIONS matrix"],"fullName":"ALLOWED_TRANSITIONS matrix completed has no allowed transitions","status":"passed","title":"completed has no allowed transitions","duration":0.46450000000004366,"failureMessages":[],"meta":{},"tags":[]},{"ancestorTitles":["canTransition()"],"fullName":"canTransition() allows scheduled → ongoing","status":"passed","title":"allows scheduled → ongoing","duration":0.5247999999999138,"failureMessages":[],"meta":{},"tags":[]},{"ancestorTitles":["canTransition()"],"fullName":"canTransition() allows scheduled → cancelled","status":"passed","title":"allows scheduled → cancelled","duration":0.2055000000000291,"failureMessages":[],"meta":{},"tags":[]},{"ancestorTitles":["canTransition()"],"fullName":"canTransition() allows ongoing → completed","status":"passed","title":"allows ongoing → completed","duration":0.1596999999999298,"failureMessages":[],"meta":{},"tags":[]},{"ancestorTitles":["canTransition()"],"fullName":"canTransition() allows ongoing → cancelled","status":"passed","title":"allows ongoing → cancelled","duration":0.13679999999999382,"failureMessages":[],"meta":{},"tags":[]},{"ancestorTitles":["canTransition()"],"fullName":"canTransition() forbids scheduled → completed","status":"passed","title":"forbids scheduled → completed","duration":0.5789999999999509,"failureMessages":[],"meta":{},"tags":[]},{"ancestorTitles":["canTransition()"],"fullName":"canTransition() forbids scheduled → scheduled (self-transition)","status":"passed","title":"forbids scheduled → scheduled (self-transition)","duration":0.2783999999999196,"failureMessages":[],"meta":{},"tags":[]},{"ancestorTitles":["canTransition()"],"fullName":"canTransition() forbids ongoing → scheduled","status":"passed","title":"forbids ongoing → scheduled","duration":0.24090000000001055,"failureMessages":[],"meta":{},"tags":[]},{"ancestorTitles":["canTransition()"],"fullName":"canTransition() forbids completed → any status","status":"passed","title":"forbids completed → any status","duration":0.2758000000001175,"failureMessages":[],"meta":{},"tags":[]},{"ancestorTitles":["canTransition()"],"fullName":"canTransition() forbids cancelled → any status","status":"passed","title":"forbids cancelled → any status","duration":0.22000000000002728,"failureMessages":[],"meta":{},"tags":[]}],"startTime":1774095648465,"endTime":1774095648472.276,"status":"passed","message":"","name":"C:/Users/Admin/Desktop/shuttle web app/TransitDesk/src/constants/serviceStatuses.test.ts"},{"assertionResults":[{"ancestorTitles":["matchesStatus()"],"fullName":"matchesStatus() returns true when filter is 'all'","status":"passed","title":"returns true when filter is 'all'","duration":2.359399999999823,"failureMessages":[],"meta":{},"tags":[]},{"ancestorTitles":["matchesStatus()"],"fullName":"matchesStatus() returns true when service status matches filter","status":"passed","title":"returns true when service status matches filter","duration":0.32970000000000255,"failureMessages":[],"meta":{},"tags":[]},{"ancestorTitles":["matchesStatus()"],"fullName":"matchesStatus() returns false when service status does not match filter","status":"passed","title":"returns false when service status does not match filter","duration":0.16849999999999454,"failureMessages":[],"meta":{},"tags":[]},{"ancestorTitles":["matchesStatus()"],"fullName":"matchesStatus() handles each concrete status correctly","status":"passed","title":"handles each concrete status correctly","duration":0.5625,"failureMessages":[],"meta":{},"tags":[]},{"ancestorTitles":["matchesSearch()"],"fullName":"matchesSearch() returns true when search is empty string","status":"passed","title":"returns true when search is empty string","duration":0.4078999999999269,"failureMessages":[],"meta":{},"tags":[]},{"ancestorTitles":["matchesSearch()"],"fullName":"matchesSearch() returns true when search is whitespace only","status":"passed","title":"returns true when search is whitespace only","duration":0.20129999999994652,"failureMessages":[],"meta":{},"tags":[]},{"ancestorTitles":["matchesSearch()"],"fullName":"matchesSearch() matches a substring case-insensitively","status":"passed","title":"matches a substring case-insensitively","duration":0.2543000000000575,"failureMessages":[],"meta":{},"tags":[]},{"ancestorTitles":["matchesSearch()"],"fullName":"matchesSearch() returns false when search does not match description","status":"passed","title":"returns false when search does not match description","duration":0.14520000000015898,"failureMessages":[],"meta":{},"tags":[]},{"ancestorTitles":["matchesSearch()"],"fullName":"matchesSearch() trims leading/trailing whitespace from search term","status":"passed","title":"trims leading/trailing whitespace from search term","duration":0.5762999999999465,"failureMessages":[],"meta":{},"tags":[]},{"ancestorTitles":["matchesDateRange()"],"fullName":"matchesDateRange() returns true when both startDate and endDate are empty","status":"passed","title":"returns true when both startDate and endDate are empty","duration":0.3556999999998425,"failureMessages":[],"meta":{},"tags":[]},{"ancestorTitles":["matchesDateRange()"],"fullName":"matchesDateRange() returns true when scheduledAt is after startDate","status":"passed","title":"returns true when scheduledAt is after startDate","duration":0.23480000000017753,"failureMessages":[],"meta":{},"tags":[]},{"ancestorTitles":["matchesDateRange()"],"fullName":"matchesDateRange() returns false when scheduledAt is before startDate","status":"passed","title":"returns false when scheduledAt is before startDate","duration":0.1352999999999156,"failureMessages":[],"meta":{},"tags":[]},{"ancestorTitles":["matchesDateRange()"],"fullName":"matchesDateRange() returns true when scheduledAt is before end of endDate","status":"passed","title":"returns true when scheduledAt is before end of endDate","duration":0.11099999999987631,"failureMessages":[],"meta":{},"tags":[]},{"ancestorTitles":["matchesDateRange()"],"fullName":"matchesDateRange() returns false when scheduledAt is after endDate (end of day)","status":"passed","title":"returns false when scheduledAt is after endDate (end of day)","duration":0.09400000000005093,"failureMessages":[],"meta":{},"tags":[]},{"ancestorTitles":["matchesDateRange()"],"fullName":"matchesDateRange() returns true when scheduledAt falls exactly on startDate","status":"passed","title":"returns true when scheduledAt falls exactly on startDate","duration":0.09020000000009532,"failureMessages":[],"meta":{},"tags":[]},{"ancestorTitles":["matchesDateRange()"],"fullName":"matchesDateRange() returns true when scheduledAt falls exactly on endDate","status":"passed","title":"returns true when scheduledAt falls exactly on endDate","duration":0.08480000000008658,"failureMessages":[],"meta":{},"tags":[]},{"ancestorTitles":["matchesDateRange()"],"fullName":"matchesDateRange() returns true when scheduledAt is within startDate–endDate range","status":"passed","title":"returns true when scheduledAt is within startDate–endDate range","duration":0.08349999999995816,"failureMessages":[],"meta":{},"tags":[]},{"ancestorTitles":["matchesDateRange()"],"fullName":"matchesDateRange() returns false when scheduledAt is outside startDate–endDate range","status":"passed","title":"returns false when scheduledAt is outside startDate–endDate range","duration":0.08350000000018554,"failureMessages":[],"meta":{},"tags":[]},{"ancestorTitles":["matchesDateRange()"],"fullName":"matchesDateRange() returns false when scheduledAt is an invalid date string","status":"passed","title":"returns false when scheduledAt is an invalid date string","duration":0.08789999999999054,"failureMessages":[],"meta":{},"tags":[]}],"startTime":1774095648460,"endTime":1774095648467.111,"status":"passed","message":"","name":"C:/Users/Admin/Desktop/shuttle web app/TransitDesk/src/hooks/useServiceFilters.test.ts"},{"assertionResults":[{"ancestorTitles":["DriverForm"],"fullName":"DriverForm shows validation errors and blocks submit when required fields are missing","status":"passed","title":"shows validation errors and blocks submit when required fields are missing","duration":191.71450000000004,"failureMessages":[],"meta":{},"tags":[]},{"ancestorTitles":["DriverForm"],"fullName":"DriverForm submits valid create payload","status":"failed","title":"submits valid create payload","duration":18.66619999999989,"failureMessages":["TestingLibraryElementError: Unable to find a label with the text of: Full Name\n\nIgnored nodes: comments, script, style\n\u001b[36m<body>\u001b[39m\n  \u001b[36m<div>\u001b[39m\n    \u001b[36m<form\u001b[39m\n      \u001b[33mclass\u001b[39m=\u001b[32m\"space-y-6\"\u001b[39m\n      \u001b[33mnovalidate\u001b[39m=\u001b[32m\"\"\u001b[39m\n    \u001b[36m>\u001b[39m\n      \u001b[36m<section\u001b[39m\n        \u001b[33mclass\u001b[39m=\u001b[32m\"space-y-4 rounded-xl border border-gray-200 bg-white p-5 shadow-sm\"\u001b[39m\n      \u001b[36m>\u001b[39m\n        \u001b[36m<div>\u001b[39m\n          \u001b[36m<h2\u001b[39m\n            \u001b[33mclass\u001b[39m=\u001b[32m\"text-base font-semibold text-gray-900\"\u001b[39m\n          \u001b[36m>\u001b[39m\n            \u001b[0mDriver Details\u001b[0m\n          \u001b[36m</h2>\u001b[39m\n          \u001b[36m<p\u001b[39m\n            \u001b[33mclass\u001b[39m=\u001b[32m\"mt-1 text-sm text-gray-600\"\u001b[39m\n          \u001b[36m>\u001b[39m\n            \u001b[0mProvide driver information including license and vehicle eligibility.\u001b[0m\n          \u001b[36m</p>\u001b[39m\n        \u001b[36m</div>\u001b[39m\n        \u001b[36m<div\u001b[39m\n          \u001b[33mclass\u001b[39m=\u001b[32m\"grid gap-4 md:grid-cols-2\"\u001b[39m\n        \u001b[36m>\u001b[39m\n          \u001b[36m<div\u001b[39m\n            \u001b[33mclass\u001b[39m=\u001b[32m\"flex flex-col gap-2\"\u001b[39m\n          \u001b[36m>\u001b[39m\n            \u001b[36m<label\u001b[39m\n              \u001b[33mclass\u001b[39m=\u001b[32m\"text-sm font-medium text-gray-700\"\u001b[39m\n              \u001b[33mfor\u001b[39m=\u001b[32m\"_r_5_\"\u001b[39m\n            \u001b[36m>\u001b[39m\n              \u001b[0mFull Name\u001b[0m\n              \u001b[36m<span\u001b[39m\n                \u001b[33mclass\u001b[39m=\u001b[32m\"ml-1 text-red-600\"\u001b[39m\n              \u001b[36m>\u001b[39m\n                \u001b[0m*\u001b[0m\n              \u001b[36m</span>\u001b[39m\n            \u001b[36m</label>\u001b[39m\n            \u001b[36m<input\u001b[39m\n              \u001b[33maria-invalid\u001b[39m=\u001b[32m\"false\"\u001b[39m\n              \u001b[33mautocomplete\u001b[39m=\u001b[32m\"name\"\u001b[39m\n              \u001b[33mclass\u001b[39m=\u001b[32m\"w-full rounded-md border px-3 py-2 text-sm text-gray-900 shadow-sm outline-none transition border-gray-300 focus:border-blue-500 focus:ring-2 focus:ring-blue-200\"\u001b[39m\n              \u001b[33mid\u001b[39m=\u001b[32m\"_r_5_\"\u001b[39m\n              \u001b[33mplaceholder\u001b[39m=\u001b[32m\"John Doe\"\u001b[39m\n              \u001b[33mrequired\u001b[39m=\u001b[32m\"\"\u001b[39m\n              \u001b[33mtype\u001b[39m=\u001b[32m\"text\"\u001b[39m\n              \u001b[33mvalue\u001b[39m=\u001b[32m\"\"\u001b[39m\n            \u001b[36m/>\u001b[39m\n          \u001b[36m</div>\u001b[39m\n          \u001b[36m<div\u001b[39m\n            \u001b[33mclass\u001b[39m=\u001b[32m\"flex flex-col gap-2\"\u001b[39m\n          \u001b[36m>\u001b[39m\n            \u001b[36m<label\u001b[39m\n              \u001b[33mclass\u001b[39m=\u001b[32m\"text-sm font-medium text-gray-700\"\u001b[39m\n              \u001b[33mfor\u001b[39m=\u001b[32m\"_r_6_\"\u001b[39m\n            \u001b[36m>\u001b[39m\n              \u001b[0mGender\u001b[0m\n              \u001b[36m<span\u001b[39m\n                \u001b[33mclass\u001b[39m=\u001b[32m\"ml-1 text-red-600\"\u001b[39m\n              \u001b[36m>\u001b[39m\n                \u001b[0m*\u001b[0m\n              \u001b[36m</span>\u001b[39m\n            \u001b[36m</label>\u001b[39m\n            \u001b[36m<select\u001b[39m\n              \u001b[33maria-invalid\u001b[39m=\u001b[32m\"false\"\u001b[39m\n              \u001b[33mclass\u001b[39m=\u001b[32m\"w-full rounded-md border px-3 py-2 text-sm text-gray-900 shadow-sm outline-none transition border-gray-300 focus:border-blue-500 focus:ring-2 focus:ring-blue-200\"\u001b[39m\n              \u001b[33mid\u001b[39m=\u001b[32m\"_r_6_\"\u001b[39m\n              \u001b[33mrequired\u001b[39m=\u001b[32m\"\"\u001b[39m\n            \u001b[36m>\u001b[39m\n              \u001b[36m<option\u001b[39m\n                \u001b[33mvalue\u001b[39m=\u001b[32m\"\"\u001b[39m\n              \u001b[36m>\u001b[39m\n                \u001b[0mSelect gender\u001b[0m\n              \u001b[36m</option>\u001b[39m\n              \u001b[36m<option\u001b[39m\n                \u001b[33mvalue\u001b[39m=\u001b[32m\"Male\"\u001b[39m\n              \u001b[36m>\u001b[39m\n                \u001b[0mMale\u001b[0m\n              \u001b[36m</option>\u001b[39m\n              \u001b[36m<option\u001b[39m\n                \u001b[33mvalue\u001b[39m=\u001b[32m\"Female\"\u001b[39m\n              \u001b[36m>\u001b[39m\n                \u001b[0mFemale\u001b[0m\n              \u001b[36m</option>\u001b[39m\n            \u001b[36m</select>\u001b[39m\n          \u001b[36m</div>\u001b[39m\n          \u001b[36m<div\u001b[39m\n            \u001b[33mclass\u001b[39m=\u001b[32m\"flex flex-col gap-2\"\u001b[39m\n          \u001b[36m>\u001b[39m\n            \u001b[36m<label\u001b[39m\n              \u001b[33mclass\u001b[39m=\u001b[32m\"text-sm font-medium text-gray-700\"\u001b[39m\n              \u001b[33mfor\u001b[39m=\u001b[32m\"_r_7_\"\u001b[39m\n            \u001b[36m>\u001b[39m\n              \u001b[0mLicense Type\u001b[0m\n              \u001b[36m<span\u001b[39m\n                \u001b[33mclass\u001b[39m=\u001b[32m\"ml-1 text-red-600\"\u001b[39m\n              \u001b[36m>\u001b[39m\n                \u001b[0m*\u001b[0m\n              \u001b[36m</span>\u001b[39m\n            \u001b[36m</label>\u001b[39m\n            \u001b[36m<select\u001b[39m\n              \u001b[33maria-invalid\u001b[39m=\u001b[32m\"false\"\u001b[39m\n              \u001b[33mclass\u001b[39m=\u001b[32m\"w-full rounded-md border px-3 py-2 text-sm text-gray-900 shadow-sm outline-none transition border-gray-300 focus:border-blue-500 focus:ring-2 focus:ring-blue-200\"\u001b[39m\n              \u001b[33mid\u001b[39m=\u001b[32m\"_r_7_\"\u001b[39m\n              \u001b[33mrequired\u001b[39m=\u001b[32m\"\"\u001b[39m\n            \u001b[36m>\u001b[39m\n              \u001b[36m<option\u001b[39m\n                \u001b[33mvalue\u001b[39m=\u001b[32m\"\"\u001b[39m\n              \u001b[36m>\u001b[39m\n                \u001b[0mSelect license\u001b[0m\n              \u001b[36m</option>\u001b[39m\n              \u001b[36m<option\u001b[39m\n                \u001b[33mvalue\u001b[39m=\u001b[32m\"B1\"\u001b[39m\n              \u001b[36m>\u001b[39m\n                \u001b[0mB1\u001b[0m\n              \u001b[36m</option>\u001b[39m\n              \u001b[36m<option\u001b[39m\n                \u001b[33mvalue\u001b[39m=\u001b[32m\"B\"\u001b[39m\n              \u001b[36m>\u001b[39m\n                \u001b[0mB\u001b[0m\n              \u001b[36m</option>\u001b[39m\n              \u001b[36m<option\u001b[39m\n                \u001b[33mvalue\u001b[39m=\u001b[32m\"C1\"\u001b[39m\n              \u001b[36m>\u001b[39m\n                \u001b[0mC1\u001b[0m\n              \u001b[36m</option>\u001b[39m\n              \u001b[36m<option\u001b[39m\n                \u001b[33mvalue\u001b[39m=\u001b[32m\"C\"\u001b[39m\n              \u001b[36m>\u001b[39m\n                \u001b[0mC\u001b[0m\n              \u001b[36m</option>\u001b[39m\n              \u001b[36m<option\u001b[39m\n                \u001b[33mvalue\u001b[39m=\u001b[32m\"D1\"\u001b[39m\n              \u001b[36m>\u001b[39m\n                \u001b[0mD1\u001b[0m\n              \u001b[36m</option>\u001b[39m\n              \u001b[36m<option\u001b[39m\n                \u001b[33mvalue\u001b[39m=\u001b[32m\"D\"\u001b[39m\n              \u001b[36m>\u001b[39m\n                \u001b[0mD\u001b[0m\n              \u001b[36m</option>\u001b[39m\n              \u001b[36m<option\u001b[39m\n                \u001b[33mvalue\u001b[39m=\u001b[32m\"BE\"\u001b[39m\n              \u001b[36m>\u001b[39m\n                \u001b[0mBE\u001b[0m\n              \u001b[36m</option>\u001b[39m\n              \u001b[36m<option\u001b[39m\n                \u001b[33mvalue\u001b[39m=\u001b[32m\"C1E\"\u001b[39m\n              \u001b[36m>\u001b[39m\n                \u001b[0mC1E\u001b[0m\n              \u001b[36m</option>\u001b[39m\n              \u001b[36m<option\u001b[39m\n                \u001b[33mvalue\u001b[39m=\u001b[32m\"CE\"\u001b[39m\n              \u001b[36m>\u001b[39m\n                \u001b[0mCE\u001b[0m\n              \u001b[36m</option>\u001b[39m\n              \u001b[36m<option\u001b[39m\n                \u001b[33mvalue\u001b[39m=\u001b[32m\"D1E\"\u001b[39m\n              \u001b[36m>\u001b[39m\n                \u001b[0mD1E\u001b[0m\n              \u001b[36m</option>\u001b[39m\n              \u001b[36m<option\u001b[39m\n                \u001b[33mvalue\u001b[39m=\u001b[32m\"DE\"\u001b[39m\n              \u001b[36m>\u001b[39m\n                \u001b[0mDE\u001b[0m\n              \u001b[36m</option>\u001b[39m\n            \u001b[36m</select>\u001b[39m\n          \u001b[36m</div>\u001b[39m\n          \u001b[36m<div\u001b[39m\n            \u001b[33mclass\u001b[39m=\u001b[32m\"flex flex-col gap-2\"\u001b[39m\n          \u001b[36m>\u001b[39m\n            \u001b[36m<label\u001b[39m\n              \u001b[33mclass\u001b[39m=\u001b[32m\"text-sm font-medium text-gray-700\"\u001b[39m\n              \u001b[33mfor\u001b[39m=\u001b[32m\"_r_8_\"\u001b[39m\n            \u001b[36m>\u001b[39m\n              \u001b[0mEntitled to Drive\u001b[0m\n              \u001b[36m<span\u001b[39m\n                \u001b[33mclass\u001b[39m=\u001b[32m\"ml-1 text-red-600\"\u001b[39m\n              \u001b[36m>\u001b[39m\n                \u001b[0m*\u001b[0m\n              \u001b[36m</span>\u001b[39m\n            \u001b[36m</label>\u001b[39m\n            \u001b[36m<select\u001b[39m\n              \u001b[33maria-invalid\u001b[39m=\u001b[32m\"false\"\u001b[39m\n              \u001b[33mclass\u001b[39m=\u001b[32m\"w-full rounded-md border px-3 py-2 text-sm text-gray-900 shadow-sm outline-none transition border-gray-300 focus:border-blue-500 focus:ring-2 focus:ring-blue-200\"\u001b[39m\n              \u001b[33mid\u001b[39m=\u001b[32m\"_r_8_\"\u001b[39m\n              \u001b[33mrequired\u001b[39m=\u001b[32m\"\"\u001b[39m\n            \u001b[36m>\u001b[39m\n              \u001b[36m<option\u001b[39m\n                \u001b[33mvalue\u001b[39m=\u001b[32m\"\"\u001b[39m\n              \u001b[36m>\u001b[39m\n                \u001b[0mSelect vehicle type\u001b[0m\n              \u001b[36m</option>\u001b[39m\n              \u001b[36m<option\u001b[39m\n                \u001b[33mvalue\u001b[39m=\u001b[32m\"Light Vehicle\"\u001b[39m\n              \u001b[36m>\u001b[39m\n                \u001b[0mLight Vehicle\u001b[0m\n              \u001b[36m</option>\u001b[39m\n              \u001b[36m<option\u001b[39m\n                \u001b[33mvalue\u001b[39m=\u001b[32m\"Heavy Vehicle\"\u001b[39m\n              \u001b[36m>\u001b[39m\n                \u001b[0mHeavy Vehicle\u001b[0m\n              \u001b[36m</option>\u001b[39m\n              \u001b[36m<option\u001b[39m\n                \u001b[33mvalue\u001b[39m=\u001b[32m\"Van\"\u001b[39m\n              \u001b[36m>\u001b[39m\n                \u001b[0mVan\u001b[0m\n              \u001b[36m</option>\u001b[39m\n              \u001b[36m<option\u001b[39m\n                \u001b[33mvalue\u001b[39m=\u001b[32m\"Minibus\"\u001b[39m\n              \u001b[36m>\u001b[39m\n                \u001b[0mMinibus\u001b[0m\n              \u001b[36m</option>\u001b[39m\n              \u001b[36m<option\u001b[39m\n                \u001b[33mvalue\u001b[39m=\u001b[32m\"Bus\"\u001b[39m\n              \u001b[36m>\u001b[39m\n                \u001b[0mBus\u001b[0m\n              \u001b[36m</option>\u001b[39m\n              \u001b[36m<option\u001b[39m\n                \u001b[33mvalue\u001b[39m=\u001b[32m\"SUV\"\u001b[39m\n              \u001b[36m>\u001b[39m\n                \u001b[0mSUV\u001b[0m\n              \u001b[36m</option>\u001b[39m\n              \u001b[36m<option\u001b[39m\n                \u001b[33mvalue\u001b[39m=\u001b[32m\"Hybrid\"\u001b[39m\n              \u001b[36m>\u001b[39m\n                \u001b[0mHybrid\u001b[0m\n              \u001b[36m</option>\u001b[39m\n              \u001b[36m<option\u001b[39m\n                \u001b[33mvalue\u001b[39m=\u001b[32m\"Taxi\"\u001b[39m\n              \u001b[36m>\u001b[39m\n                \u001b[0mTaxi\u001b[0m\n              \u001b[36m</option>\u001b[39m\n              \u001b[36m<option\u001b[39m\n                \u001b[33mvalue\u001b[39m=\u001b[32m\"School Bus\"\u001b[39m\n              \u001b[36m>\u001b[39m\n                \u001b[0mSchool Bus\u001b[0m\n              \u001b[36m</option>\u001b[39m\n              \u001b[36m<option\u001b[39m\n                \u001b[33mvalue\u001b[39m=\u001b[32m\"Other\"\u001b[39m\n              \u001b[36m>\u001b[39m\n                \u001b[0mOther\u001b[0m\n              \u001b[36m</option>\u001b[39m\n            \u001b[36m</select>\u001b[39m\n          \u001b[36m</div>\u001b[39m\n          \u001b[36m<div\u001b[39m\n            \u001b[33mclass\u001b[39m=\u001b[32m\"flex flex-col gap-2\"\u001b[39m\n          \u001b[36m>\u001b[39m\n            \u001b[36m<label\u001b[39m\n              \u001b[33mclass\u001b[39m=\u001b[32m\"text-sm font-medium text-gray-700\"\u001b[39m\n              \u001b[33mfor\u001b[39m=\u001b[32m\"_r_9_\"\u001b[39m\n            \u001b[36m>\u001b[39m\n              \u001b[0mPhone\u001b[0m\n            \u001b[36m</label>\u001b[39m\n            \u001b[36m<input\u001b[39m\n              \u001b[33maria-invalid\u001b[39m=\u001b[32m\"false\"\u001b[39m\n              \u001b[33mautocomplete\u001b[39m=\u001b[32m\"tel\"\u001b[39m\n              \u001b[33mclass\u001b[39m=\u001b[32m\"w-full rounded-md border px-3 py-2 text-sm text-gray-900 shadow-sm outline-none transition border-gray-300 focus:border-blue-500 focus:ring-2 focus:ring-blue-200\"\u001b[39m\n              \u001b[33mid\u001b[39m=\u001b[32m\"_r_9_\"\u001b[39m\n              \u001b[33mplaceholder\u001b[39m=\u001b[32m\"+1 555 000 0000\"\u001b[39m\n              \u001b[33mtype\u001b[39m=\u001b[32m\"tel\"\u001b[39m\n              \u001b[33mvalue\u001b[39m=\u001b[32m\"\"\u001b[39m\n            \u001b[36m/>\u001b[39m\n          \u001b[36m</div>\u001b[39m\n        \u001b[36m</div>\u001b[39m\n      \u001b[36m</section>\u001b[39m\n      \u001b[36m<div\u001b[39m\n        \u001b[33mclass\u001b[39m=\u001b[32m\"flex flex-wrap items-center gap-3\"\u001b[39m\n      \u001b[36m>\u001b[39m\n        \u001b[36m<button\u001b[39m\n          \u001b[33mclass\u001b[39m=\u001b[32m\"inline-flex items-center justify-center rounded-md bg-blue-600 px-4 py-2 text-sm font-medium text-white transition hover:bg-blue-700 focus-visible:outline-none focus-visible:ring-2 focus-visible:ring-blue-500 disabled:cursor-not-allowed disabled:opacity-70\"\u001b[39m\n          \u001b[33mtype\u001b[39m=\u001b[32m\"submit\"\u001b[39m\n        \u001b[36m>\u001b[39m\n          \u001b[0mSave Driver\u001b[0m\n        \u001b[36m</button>\u001b[39m\n        \u001b[36m<a\u001b[39m\n          \u001b[33mclass\u001b[39m=\u001b[32m\"inline-flex items-center justify-center rounded-md border border-gray-300 px-4 py-2 text-sm font-medium text-gray-700 transition hover:bg-gray-100 focus-visible:outline-none focus-visible:ring-2 focus-visible:ring-blue-500\"\u001b[39m\n          \u001b[33mdata-discover\u001b[39m=\u001b[32m\"true\"\u001b[39m\n          \u001b[33mhref\u001b[39m=\u001b[32m\"/drivers\"\u001b[39m\n        \u001b[36m>\u001b[39m\n          \u001b[0mCancel\u001b[0m\n        \u001b[36m</a>\u001b[39m\n      \u001b[36m</div>\u001b[39m\n    \u001b[36m</form>\u001b[39m\n  \u001b[36m</div>\u001b[39m\n\u001b[36m</body>\u001b[39m\n    at Object.getElementError (C:\\Users\\Admin\\Desktop\\shuttle web app\\TransitDesk\\node_modules\\@testing-library\\dom\\dist\\config.js:37:19)\n    at getAllByLabelText (C:\\Users\\Admin\\Desktop\\shuttle web app\\TransitDesk\\node_modules\\@testing-library\\dom\\dist\\queries\\label-text.js:111:38)\n    at C:\\Users\\Admin\\Desktop\\shuttle web app\\TransitDesk\\node_modules\\@testing-library\\dom\\dist\\query-helpers.js:52:17\n    at C:\\Users\\Admin\\Desktop\\shuttle web app\\TransitDesk\\node_modules\\@testing-library\\dom\\dist\\query-helpers.js:95:19\n    at C:/Users/Admin/Desktop/shuttle web app/TransitDesk/src/features/drivers/components/DriverForm.test.tsx:33:27\n    at file:///C:/Users/Admin/Desktop/shuttle%20web%20app/TransitDesk/node_modules/@vitest/runner/dist/index.js:296:11\n    at file:///C:/Users/Admin/Desktop/shuttle%20web%20app/TransitDesk/node_modules/@vitest/runner/dist/index.js:1258:26\n    at file:///C:/Users/Admin/Desktop/shuttle%20web%20app/TransitDesk/node_modules/@vitest/runner/dist/index.js:1681:20\n    at new Promise (<anonymous>)\n    at runWithCancel (file:///C:/Users/Admin/Desktop/shuttle%20web%20app/TransitDesk/node_modules/@vitest/runner/dist/index.js:1678:10)"],"meta":{},"tags":[]}],"startTime":1774095648521,"endTime":1774095648731.6663,"status":"failed","message":"","name":"C:/Users/Admin/Desktop/shuttle web app/TransitDesk/src/features/drivers/components/DriverForm.test.tsx"},{"assertionResults":[{"ancestorTitles":["driver schemas"],"fullName":"driver schemas accepts valid driver create payload","status":"passed","title":"accepts valid driver create payload","duration":3.4664000000000215,"failureMessages":[],"meta":{},"tags":[]},{"ancestorTitles":["driver schemas"],"fullName":"driver schemas rejects invalid create payload with missing required fields","status":"passed","title":"rejects invalid create payload with missing required fields","duration":1.1990000000000691,"failureMessages":[],"meta":{},"tags":[]},{"ancestorTitles":["driver schemas"],"fullName":"driver schemas rejects invalid driver update id","status":"passed","title":"rejects invalid driver update id","duration":1.1062999999999192,"failureMessages":[],"meta":{},"tags":[]}],"startTime":1774095648485,"endTime":1774095648491.1062,"status":"passed","message":"","name":"C:/Users/Admin/Desktop/shuttle web app/TransitDesk/src/features/drivers/schemas/driverForm.schema.test.ts"},{"assertionResults":[{"ancestorTitles":["GuideForm"],"fullName":"GuideForm shows validation errors and blocks submit when required fields are missing","status":"passed","title":"shows validation errors and blocks submit when required fields are missing","duration":185.125,"failureMessages":[],"meta":{},"tags":[]},{"ancestorTitles":["GuideForm"],"fullName":"GuideForm supports language add/remove and submits valid create payload","status":"failed","title":"supports language add/remove and submits valid create payload","duration":11.538200000000188,"failureMessages":["TestingLibraryElementError: Unable to find a label with the text of: Full Name\n\nIgnored nodes: comments, script, style\n\u001b[36m<body>\u001b[39m\n  \u001b[36m<div>\u001b[39m\n    \u001b[36m<form\u001b[39m\n      \u001b[33mclass\u001b[39m=\u001b[32m\"space-y-6\"\u001b[39m\n      \u001b[33mnovalidate\u001b[39m=\u001b[32m\"\"\u001b[39m\n    \u001b[36m>\u001b[39m\n      \u001b[36m<section\u001b[39m\n        \u001b[33mclass\u001b[39m=\u001b[32m\"space-y-4 rounded-xl border border-gray-200 bg-white p-5 shadow-sm\"\u001b[39m\n      \u001b[36m>\u001b[39m\n        \u001b[36m<div>\u001b[39m\n          \u001b[36m<h2\u001b[39m\n            \u001b[33mclass\u001b[39m=\u001b[32m\"text-base font-semibold text-gray-900\"\u001b[39m\n          \u001b[36m>\u001b[39m\n            \u001b[0mGuide Details\u001b[0m\n          \u001b[36m</h2>\u001b[39m\n          \u001b[36m<p\u001b[39m\n            \u001b[33mclass\u001b[39m=\u001b[32m\"mt-1 text-sm text-gray-600\"\u001b[39m\n          \u001b[36m>\u001b[39m\n            \u001b[0mProvide guide information including contact details and language coverage.\u001b[0m\n          \u001b[36m</p>\u001b[39m\n        \u001b[36m</div>\u001b[39m\n        \u001b[36m<div\u001b[39m\n          \u001b[33mclass\u001b[39m=\u001b[32m\"grid gap-4 md:grid-cols-2\"\u001b[39m\n        \u001b[36m>\u001b[39m\n          \u001b[36m<div\u001b[39m\n            \u001b[33mclass\u001b[39m=\u001b[32m\"flex flex-col gap-2\"\u001b[39m\n          \u001b[36m>\u001b[39m\n            \u001b[36m<label\u001b[39m\n              \u001b[33mclass\u001b[39m=\u001b[32m\"text-sm font-medium text-gray-700\"\u001b[39m\n              \u001b[33mfor\u001b[39m=\u001b[32m\"_r_4_\"\u001b[39m\n            \u001b[36m>\u001b[39m\n              \u001b[0mFull Name\u001b[0m\n              \u001b[36m<span\u001b[39m\n                \u001b[33mclass\u001b[39m=\u001b[32m\"ml-1 text-red-600\"\u001b[39m\n              \u001b[36m>\u001b[39m\n                \u001b[0m*\u001b[0m\n              \u001b[36m</span>\u001b[39m\n            \u001b[36m</label>\u001b[39m\n            \u001b[36m<input\u001b[39m\n              \u001b[33maria-invalid\u001b[39m=\u001b[32m\"false\"\u001b[39m\n              \u001b[33mautocomplete\u001b[39m=\u001b[32m\"name\"\u001b[39m\n              \u001b[33mclass\u001b[39m=\u001b[32m\"w-full rounded-md border px-3 py-2 text-sm text-gray-900 shadow-sm outline-none transition border-gray-300 focus:border-blue-500 focus:ring-2 focus:ring-blue-200\"\u001b[39m\n              \u001b[33mid\u001b[39m=\u001b[32m\"_r_4_\"\u001b[39m\n              \u001b[33mplaceholder\u001b[39m=\u001b[32m\"Maria Santos\"\u001b[39m\n              \u001b[33mrequired\u001b[39m=\u001b[32m\"\"\u001b[39m\n              \u001b[33mtype\u001b[39m=\u001b[32m\"text\"\u001b[39m\n              \u001b[33mvalue\u001b[39m=\u001b[32m\"\"\u001b[39m\n            \u001b[36m/>\u001b[39m\n          \u001b[36m</div>\u001b[39m\n          \u001b[36m<div\u001b[39m\n            \u001b[33mclass\u001b[39m=\u001b[32m\"flex flex-col gap-2\"\u001b[39m\n          \u001b[36m>\u001b[39m\n            \u001b[36m<label\u001b[39m\n              \u001b[33mclass\u001b[39m=\u001b[32m\"text-sm font-medium text-gray-700\"\u001b[39m\n              \u001b[33mfor\u001b[39m=\u001b[32m\"_r_5_\"\u001b[39m\n            \u001b[36m>\u001b[39m\n              \u001b[0mGender\u001b[0m\n              \u001b[36m<span\u001b[39m\n                \u001b[33mclass\u001b[39m=\u001b[32m\"ml-1 text-red-600\"\u001b[39m\n              \u001b[36m>\u001b[39m\n                \u001b[0m*\u001b[0m\n              \u001b[36m</span>\u001b[39m\n            \u001b[36m</label>\u001b[39m\n            \u001b[36m<select\u001b[39m\n              \u001b[33maria-invalid\u001b[39m=\u001b[32m\"false\"\u001b[39m\n              \u001b[33mclass\u001b[39m=\u001b[32m\"w-full rounded-md border px-3 py-2 text-sm text-gray-900 shadow-sm outline-none transition border-gray-300 focus:border-blue-500 focus:ring-2 focus:ring-blue-200\"\u001b[39m\n              \u001b[33mid\u001b[39m=\u001b[32m\"_r_5_\"\u001b[39m\n              \u001b[33mrequired\u001b[39m=\u001b[32m\"\"\u001b[39m\n            \u001b[36m>\u001b[39m\n              \u001b[36m<option\u001b[39m\n                \u001b[33mvalue\u001b[39m=\u001b[32m\"\"\u001b[39m\n              \u001b[36m>\u001b[39m\n                \u001b[0mSelect gender\u001b[0m\n              \u001b[36m</option>\u001b[39m\n              \u001b[36m<option\u001b[39m\n                \u001b[33mvalue\u001b[39m=\u001b[32m\"Male\"\u001b[39m\n              \u001b[36m>\u001b[39m\n                \u001b[0mMale\u001b[0m\n              \u001b[36m</option>\u001b[39m\n              \u001b[36m<option\u001b[39m\n                \u001b[33mvalue\u001b[39m=\u001b[32m\"Female\"\u001b[39m\n              \u001b[36m>\u001b[39m\n                \u001b[0mFemale\u001b[0m\n              \u001b[36m</option>\u001b[39m\n            \u001b[36m</select>\u001b[39m\n          \u001b[36m</div>\u001b[39m\n          \u001b[36m<div\u001b[39m\n            \u001b[33mclass\u001b[39m=\u001b[32m\"flex flex-col gap-2\"\u001b[39m\n          \u001b[36m>\u001b[39m\n            \u001b[36m<label\u001b[39m\n              \u001b[33mclass\u001b[39m=\u001b[32m\"text-sm font-medium text-gray-700\"\u001b[39m\n              \u001b[33mfor\u001b[39m=\u001b[32m\"_r_6_\"\u001b[39m\n            \u001b[36m>\u001b[39m\n              \u001b[0mPhone\u001b[0m\n            \u001b[36m</label>\u001b[39m\n            \u001b[36m<input\u001b[39m\n              \u001b[33maria-invalid\u001b[39m=\u001b[32m\"false\"\u001b[39m\n              \u001b[33mautocomplete\u001b[39m=\u001b[32m\"tel\"\u001b[39m\n              \u001b[33mclass\u001b[39m=\u001b[32m\"w-full rounded-md border px-3 py-2 text-sm text-gray-900 shadow-sm outline-none transition border-gray-300 focus:border-blue-500 focus:ring-2 focus:ring-blue-200\"\u001b[39m\n              \u001b[33mid\u001b[39m=\u001b[32m\"_r_6_\"\u001b[39m\n              \u001b[33mplaceholder\u001b[39m=\u001b[32m\"+351 910 000 000\"\u001b[39m\n              \u001b[33mtype\u001b[39m=\u001b[32m\"tel\"\u001b[39m\n              \u001b[33mvalue\u001b[39m=\u001b[32m\"\"\u001b[39m\n            \u001b[36m/>\u001b[39m\n          \u001b[36m</div>\u001b[39m\n        \u001b[36m</div>\u001b[39m\n      \u001b[36m</section>\u001b[39m\n      \u001b[36m<section\u001b[39m\n        \u001b[33mclass\u001b[39m=\u001b[32m\"space-y-4 rounded-xl border border-gray-200 bg-white p-5 shadow-sm\"\u001b[39m\n      \u001b[36m>\u001b[39m\n        \u001b[36m<div>\u001b[39m\n          \u001b[36m<h2\u001b[39m\n            \u001b[33mclass\u001b[39m=\u001b[32m\"text-base font-semibold text-gray-900\"\u001b[39m\n          \u001b[36m>\u001b[39m\n            \u001b[0mLanguages\u001b[0m\n          \u001b[36m</h2>\u001b[39m\n          \u001b[36m<p\u001b[39m\n            \u001b[33mclass\u001b[39m=\u001b[32m\"mt-1 text-sm text-gray-600\"\u001b[39m\n          \u001b[36m>\u001b[39m\n            \u001b[0mAdd the languages this guide can conduct tours in. At least one is required.\u001b[0m\n          \u001b[36m</p>\u001b[39m\n        \u001b[36m</div>\u001b[39m\n        \u001b[36m<div\u001b[39m\n          \u001b[33mclass\u001b[39m=\u001b[32m\"space-y-3\"\u001b[39m\n        \u001b[36m>\u001b[39m\n          \u001b[36m<div\u001b[39m\n            \u001b[33mclass\u001b[39m=\u001b[32m\"flex items-start gap-2\"\u001b[39m\n          \u001b[36m>\u001b[39m\n            \u001b[36m<div\u001b[39m\n              \u001b[33mclass\u001b[39m=\u001b[32m\"flex-1\"\u001b[39m\n            \u001b[36m>\u001b[39m\n              \u001b[36m<div\u001b[39m\n                \u001b[33mclass\u001b[39m=\u001b[32m\"flex flex-col gap-2\"\u001b[39m\n              \u001b[36m>\u001b[39m\n                \u001b[36m<label\u001b[39m\n                  \u001b[33mclass\u001b[39m=\u001b[32m\"text-sm font-medium text-gray-700\"\u001b[39m\n                  \u001b[33mfor\u001b[39m=\u001b[32m\"_r_7_\"\u001b[39m\n                \u001b[36m>\u001b[39m\n                  \u001b[0mLanguage 1\u001b[0m\n                \u001b[36m</label>\u001b[39m\n                \u001b[36m<input\u001b[39m\n                  \u001b[33maria-invalid\u001b[39m=\u001b[32m\"false\"\u001b[39m\n                  \u001b[33mclass\u001b[39m=\u001b[32m\"w-full rounded-md border px-3 py-2 text-sm text-gray-900 shadow-sm outline-none transition border-gray-300 focus:border-blue-500 focus:ring-2 focus:ring-blue-200\"\u001b[39m\n                  \u001b[33mid\u001b[39m=\u001b[32m\"_r_7_\"\u001b[39m\n                  \u001b[33mplaceholder\u001b[39m=\u001b[32m\"e.g. English\"\u001b[39m\n                  \u001b[33mtype\u001b[39m=\u001b[32m\"text\"\u001b[39m\n                  \u001b[33mvalue\u001b[39m=\u001b[32m\"\"\u001b[39m\n                \u001b[36m/>\u001b[39m\n              \u001b[36m</div>\u001b[39m\n            \u001b[36m</div>\u001b[39m\n          \u001b[36m</div>\u001b[39m\n          \u001b[36m<button\u001b[39m\n            \u001b[33mclass\u001b[39m=\u001b[32m\"mt-1 rounded-md border border-blue-200 px-3 py-1.5 text-sm font-medium text-blue-700 transition hover:bg-blue-50 disabled:cursor-not-allowed disabled:opacity-50\"\u001b[39m\n            \u001b[33mtype\u001b[39m=\u001b[32m\"button\"\u001b[39m\n          \u001b[36m>\u001b[39m\n            \u001b[0m+ Add language\u001b[0m\n          \u001b[36m</button>\u001b[39m\n        \u001b[36m</div>\u001b[39m\n      \u001b[36m</section>\u001b[39m\n      \u001b[36m<div\u001b[39m\n        \u001b[33mclass\u001b[39m=\u001b[32m\"flex flex-wrap items-center gap-3\"\u001b[39m\n      \u001b[36m>\u001b[39m\n        \u001b[36m<button\u001b[39m\n          \u001b[33mclass\u001b[39m=\u001b[32m\"inline-flex items-center justify-center rounded-md bg-blue-600 px-4 py-2 text-sm font-medium text-white transition hover:bg-blue-700 focus-visible:outline-none focus-visible:ring-2 focus-visible:ring-blue-500 disabled:cursor-not-allowed disabled:opacity-70\"\u001b[39m\n          \u001b[33mtype\u001b[39m=\u001b[32m\"submit\"\u001b[39m\n        \u001b[36m>\u001b[39m\n          \u001b[0mSave Guide\u001b[0m\n        \u001b[36m</button>\u001b[39m\n        \u001b[36m<a\u001b[39m\n          \u001b[33mclass\u001b[39m=\u001b[32m\"inline-flex items-center justify-center rounded-md border border-gray-300 px-4 py-2 text-sm font-medium text-gray-700 transition hover:bg-gray-100 focus-visible:outline-none focus-visible:ring-2 focus-visible:ring-blue-500\"\u001b[39m\n          \u001b[33mdata-discover\u001b[39m=\u001b[32m\"true\"\u001b[39m\n          \u001b[33mhref\u001b[39m=\u001b[32m\"/guides\"\u001b[39m\n        \u001b[36m>\u001b[39m\n          \u001b[0mCancel\u001b[0m\n        \u001b[36m</a>\u001b[39m\n      \u001b[36m</div>\u001b[39m\n    \u001b[36m</form>\u001b[39m\n  \u001b[36m</div>\u001b[39m\n\u001b[36m</body>\u001b[39m\n    at Object.getElementError (C:\\Users\\Admin\\Desktop\\shuttle web app\\TransitDesk\\node_modules\\@testing-library\\dom\\dist\\config.js:37:19)\n    at getAllByLabelText (C:\\Users\\Admin\\Desktop\\shuttle web app\\TransitDesk\\node_modules\\@testing-library\\dom\\dist\\queries\\label-text.js:111:38)\n    at C:\\Users\\Admin\\Desktop\\shuttle web app\\TransitDesk\\node_modules\\@testing-library\\dom\\dist\\query-helpers.js:52:17\n    at C:\\Users\\Admin\\Desktop\\shuttle web app\\TransitDesk\\node_modules\\@testing-library\\dom\\dist\\query-helpers.js:95:19\n    at C:/Users/Admin/Desktop/shuttle web app/TransitDesk/src/features/guides/components/GuideForm.test.tsx:33:27\n    at file:///C:/Users/Admin/Desktop/shuttle%20web%20app/TransitDesk/node_modules/@vitest/runner/dist/index.js:296:11\n    at file:///C:/Users/Admin/Desktop/shuttle%20web%20app/TransitDesk/node_modules/@vitest/runner/dist/index.js:1258:26\n    at file:///C:/Users/Admin/Desktop/shuttle%20web%20app/TransitDesk/node_modules/@vitest/runner/dist/index.js:1681:20\n    at new Promise (<anonymous>)\n    at runWithCancel (file:///C:/Users/Admin/Desktop/shuttle%20web%20app/TransitDesk/node_modules/@vitest/runner/dist/index.js:1678:10)"],"meta":{},"tags":[]}],"startTime":1774095648522,"endTime":1774095648718.538,"status":"failed","message":"","name":"C:/Users/Admin/Desktop/shuttle web app/TransitDesk/src/features/guides/components/GuideForm.test.tsx"},{"assertionResults":[{"ancestorTitles":["guide schemas"],"fullName":"guide schemas accepts valid guide create payload","status":"passed","title":"accepts valid guide create payload","duration":4.1077999999999975,"failureMessages":[],"meta":{},"tags":[]},{"ancestorTitles":["guide schemas"],"fullName":"guide schemas rejects create payload when languages are missing","status":"passed","title":"rejects create payload when languages are missing","duration":0.998299999999972,"failureMessages":[],"meta":{},"tags":[]},{"ancestorTitles":["guide schemas"],"fullName":"guide schemas rejects invalid guide update id","status":"passed","title":"rejects invalid guide update id","duration":1.3377000000000407,"failureMessages":[],"meta":{},"tags":[]}],"startTime":1774095648485,"endTime":1774095648491.3376,"status":"passed","message":"","name":"C:/Users/Admin/Desktop/shuttle web app/TransitDesk/src/features/guides/schemas/guideForm.schema.test.ts"},{"assertionResults":[{"ancestorTitles":["ServiceForm validation"],"fullName":"ServiceForm validation shows field-level errors and blocks submit when required values are missing","status":"passed","title":"shows field-level errors and blocks submit when required values are missing","duration":110.30920000000015,"failureMessages":[],"meta":{},"tags":[]},{"ancestorTitles":["ServiceForm validation"],"fullName":"ServiceForm validation keeps submit button disabled while the form is invalid","status":"failed","title":"keeps submit button disabled while the form is invalid","duration":1365.1112999999998,"failureMessages":["Error: \u001b[2mexpect(\u001b[22m\u001b[31melement\u001b[39m\u001b[2m).toBeEnabled()\u001b[22m\n\nReceived element is not enabled:\n  \u001b[31m<button\n  class=\"inline-flex w-full items-center justify-center rounded-md bg-blue-600 px-4 py-2 text-sm font-medium text-white transition hover:bg-blue-700 disabled:cursor-not-allowed disabled:opacity-60 sm:w-auto\"\n  disabled=\"\"\n  type=\"submit\"\n/>\u001b[39m\n\nIgnored nodes: comments, script, style\n\u001b[36m<html>\u001b[39m\n  \u001b[36m<head />\u001b[39m\n  \u001b[36m<body>\u001b[39m\n    \u001b[36m<div>\u001b[39m\n      \u001b[36m<form\u001b[39m\n        \u001b[33mclass\u001b[39m=\u001b[32m\"space-y-6 rounded-xl border border-gray-200 bg-white p-6 shadow-sm\"\u001b[39m\n      \u001b[36m>\u001b[39m\n        \u001b[36m<div\u001b[39m\n          \u001b[33mclass\u001b[39m=\u001b[32m\"flex flex-col gap-2 sm:flex-row sm:items-center sm:justify-between\"\u001b[39m\n        \u001b[36m>\u001b[39m\n          \u001b[36m<div>\u001b[39m\n            \u001b[36m<h2\u001b[39m\n              \u001b[33mclass\u001b[39m=\u001b[32m\"text-2xl font-bold text-gray-900\"\u001b[39m\n            \u001b[36m>\u001b[39m\n              \u001b[0mService form\u001b[0m\n            \u001b[36m</h2>\u001b[39m\n            \u001b[36m<p\u001b[39m\n              \u001b[33mclass\u001b[39m=\u001b[32m\"mt-1 text-sm text-gray-600\"\u001b[39m\n            \u001b[36m>\u001b[39m\n              \u001b[0mCapture service details, transport assignment, staffing, and passenger planning in one place.\u001b[0m\n            \u001b[36m</p>\u001b[39m\n          \u001b[36m</div>\u001b[39m\n          \u001b[36m<button\u001b[39m\n            \u001b[33mclass\u001b[39m=\u001b[32m\"inline-flex w-full items-center justify-center rounded-md bg-blue-600 px-4 py-2 text-sm font-medium text-white transition hover:bg-blue-700 disabled:cursor-not-allowed disabled:opacity-60 sm:w-auto\"\u001b[39m\n            \u001b[33mdisabled\u001b[39m=\u001b[32m\"\"\u001b[39m\n            \u001b[33mtype\u001b[39m=\u001b[32m\"submit\"\u001b[39m\n          \u001b[36m>\u001b[39m\n            \u001b[0mSave service\u001b[0m\n          \u001b[36m</button>\u001b[39m\n        \u001b[36m</div>\u001b[39m\n        \u001b[36m<fieldset\u001b[39m\n          \u001b[33mclass\u001b[39m=\u001b[32m\"space-y-6 disabled:opacity-90\"\u001b[39m\n        \u001b[36m>\u001b[39m\n          \u001b[36m<section\u001b[39m\n            \u001b[33mclass\u001b[39m=\u001b[32m\"space-y-4 rounded-xl border border-gray-200 bg-gray-50/60 p-5\"\u001b[39m\n          \u001b[36m>\u001b[39m\n            \u001b[36m<div>\u001b[39m\n              \u001b[36m<h3\u001b[39m\n                \u001b[33mclass\u001b[39m=\u001b[32m\"text-base font-semibold text-gray-900\"\u001b[39m\n              \u001b[36m>\u001b[39m\n                \u001b[0mService details\u001b[0m\n              \u001b[36m</h3>\u001b[39m\n              \u001b[36m<p\u001b[39m\n                \u001b[33mclass\u001b[39m=\u001b[32m\"mt-1 text-sm text-gray-600\"\u001b[39m\n              \u001b[36m>\u001b[39m\n                \u001b[0mCore scheduling, route, and passenger data.\u001b[0m\n              \u001b[36m</p>\u001b[39m\n            \u001b[36m</div>\u001b[39m\n            \u001b[36m<div\u001b[39m\n              \u001b[33mclass\u001b[39m=\u001b[32m\"grid gap-4 md:grid-cols-2 xl:grid-cols-4\"\u001b[39m\n            \u001b[36m>\u001b[39m\n              \u001b[36m<label\u001b[39m\n                \u001b[33mclass\u001b[39m=\u001b[32m\"flex flex-col gap-2 text-sm font-medium text-gray-700\"\u001b[39m\n              \u001b[36m>\u001b[39m\n                \u001b[36m<span>\u001b[39m\n                  \u001b[0mScheduled time\u001b[0m\n                \u001b[36m</span>\u001b[39m\n                \u001b[36m<input\u001b[39m\n                  \u001b[33mclass\u001b[39m=\u001b[32m\"w-full rounded-md border px-3 py-2 text-sm text-gray-900 shadow-sm outline-none transition border-gray-300 focus:border-blue-500 focus:ring-2 focus:ring-blue-200\"\u001b[39m\n                  \u001b[33mtype\u001b[39m=\u001b[32m\"datetime-local\"\u001b[39m\n                  \u001b[33mvalue\u001b[39m=\u001b[32m\"2026-03-22T12:20\"\u001b[39m\n                \u001b[36m/>\u001b[39m\n              \u001b[36m</label>\u001b[39m\n              \u001b[36m<label\u001b[39m\n                \u001b[33mclass\u001b[39m=\u001b[32m\"flex flex-col gap-2 text-sm font-medium text-gray-700\"\u001b[39m\n              \u001b[36m>\u001b[39m\n                \u001b[36m<span>\u001b[39m\n                  \u001b[0mService type\u001b[0m\n                \u001b[36m</span>\u001b[39m\n                \u001b[36m<select\u001b[39m\n                  \u001b[33mclass\u001b[39m=\u001b[32m\"w-full rounded-md border px-3 py-2 text-sm text-gray-900 shadow-sm outline-none transition border-gray-300 focus:border-blue-500 focus:ring-2 focus:ring-blue-200\"\u001b[39m\n                \u001b[36m>\u001b[39m\n                  \u001b[36m<option\u001b[39m\n                    \u001b[33mvalue\u001b[39m=\u001b[32m\"\"\u001b[39m\n                  \u001b[36m>\u001b[39m\n                    \u001b[0mSelect a type\u001b[0m\n                  \u001b[36m</option>\u001b[39m\n                  \u001b[36m<option\u001b[39m\n                    \u001b[33mvalue\u001b[39m=\u001b[32m\"Tour\"\u001b[39m\n                  \u001b[36m>\u001b[39m\n                    \u001b[0mTour\u001b[0m\n                  \u001b[36m</option>\u001b[39m\n                  \u001b[36m<option\u001b[39m\n                    \u001b[33mvalue\u001b[39m=\u001b[32m\"Levada\"\u001b[39m\n                  \u001b[36m>\u001b[39m\n                    \u001b[0mLevada\u001b[0m\n                  \u001b[36m</option>\u001b[39m\n                  \u001b[36m<option\u001b[39m\n                    \u001b[33mvalue\u001b[39m=\u001b[32m\"Transfer\"\u001b[39m\n                  \u001b[36m>\u001b[39m\n                    \u001b[0mTransfer\u001b[0m\n                  \u001b[36m</option>\u001b[39m\n                  \u001b[36m<option\u001b[39m\n                    \u001b[33mvalue\u001b[39m=\u001b[32m\"Taxi\"\u001b[39m\n                  \u001b[36m>\u001b[39m\n                    \u001b[0mTaxi\u001b[0m\n                  \u001b[36m</option>\u001b[39m\n                  \u001b[36m<option\u001b[39m\n                    \u001b[33mvalue\u001b[39m=\u001b[32m\"Shuttle\"\u001b[39m\n                  \u001b[36m>\u001b[39m\n                    \u001b[0mShuttle\u001b[0m\n                  \u001b[36m</option>\u001b[39m\n                \u001b[36m</select>\u001b[39m\n              \u001b[36m</label>\u001b[39m\n              \u001b[36m<label\u001b[39m\n                \u001b[33mclass\u001b[39m=\u001b[32m\"flex flex-col gap-2 text-sm font-medium text-gray-700\"\u001b[39m\n              \u001b[36m>\u001b[39m\n                \u001b[36m<span>\u001b[39m\n                  \u001b[0mStatus\u001b[0m\n                \u001b[36m</span>\u001b[39m\n                \u001b[36m<select\u001b[39m\n                  \u001b[33mclass\u001b[39m=\u001b[32m\"w-full rounded-md border px-3 py-2 text-sm text-gray-900 shadow-sm outline-none transition border-gray-300 focus:border-blue-500 focus:ring-2 focus:ring-blue-200\"\u001b[39m\n                \u001b[36m>\u001b[39m\n                  \u001b[36m<option\u001b[39m\n                    \u001b[33mvalue\u001b[39m=\u001b[32m\"\"\u001b[39m\n                  \u001b[36m>\u001b[39m\n                    \u001b[0mSelect status\u001b[0m\n                  \u001b[36m</option>\u001b[39m\n                  \u001b[36m<option\u001b[39m\n                    \u001b[33mvalue\u001b[39m=\u001b[32m\"scheduled\"\u001b[39m\n                  \u001b[36m>\u001b[39m\n                    \u001b[0mscheduled\u001b[0m\n                  \u001b[36m</option>\u001b[39m\n                  \u001b[36m<option\u001b[39m\n                    \u001b[33mvalue\u001b[39m=\u001b[32m\"ongoing\"\u001b[39m\n                  \u001b[36m>\u001b[39m\n                    \u001b[0mongoing\u001b[0m\n                  \u001b[36m</option>\u001b[39m\n                  \u001b[36m<option\u001b[39m\n                    \u001b[33mvalue\u001b[39m=\u001b[32m\"completed\"\u001b[39m\n                  \u001b[36m>\u001b[39m\n                    \u001b[0mcompleted\u001b[0m\n                  \u001b[36m</option>\u001b[39m\n                  \u001b[36m<option\u001b[39m\n                    \u001b[33mvalue\u001b[39m=\u001b[32m\"cancelled\"\u001b[39m\n                  \u001b[36m>\u001b[39m\n                    \u001b[0mcancelled\u001b[0m\n                  \u001b[36m</option>\u001b[39m\n                \u001b[36m</select>\u001b[39m\n              \u001b[36m</label>\u001b[39m\n              \u001b[36m<label\u001b[39m\n                \u001b[33mclass\u001b[39m=\u001b[32m\"flex flex-col gap-2 text-sm font-medium text-gray-700\"\u001b[39m\n              \u001b[36m>\u001b[39m\n                \u001b[36m<span>\u001b[39m\n                  \u001b[0mPassenger quantity\u001b[0m\n                \u001b[36m</span>\u001b[39m\n                \u001b[36m<input\u001b[39m\n                  \u001b[33mclass\u001b[39m=\u001b[32m\"w-full rounded-md border px-3 py-2 text-sm text-gray-900 shadow-sm outline-none transition border-gray-300 focus:border-blue-500 focus:ring-2 focus:ring-blue-200\"\u001b[39m\n                  \u001b[33mplaceholder\u001b[39m=\u001b[32m\"e.g. 12\"\u001b[39m\n                  \u001b[33mtype\u001b[39m=\u001b[32m\"number\"\u001b[39m\n                  \u001b[33mvalue\u001b[39m=\u001b[32m\"10\"\u001b[39m\n                \u001b[36m/>\u001b[39m\n              \u001b[36m</label>\u001b[39m\n         ...\n    at Proxy.expectWrapper (file:///C:/Users/Admin/Desktop/shuttle%20web%20app/TransitDesk/node_modules/@vitest/expect/dist/index.js:1878:12)\n    at Proxy.<anonymous> (file:///C:/Users/Admin/Desktop/shuttle%20web%20app/TransitDesk/node_modules/@vitest/expect/dist/index.js:1151:15)\n    at Proxy.methodWrapper (file:///C:/Users/Admin/Desktop/shuttle%20web%20app/TransitDesk/node_modules/chai/index.js:1700:25)\n    at C:/Users/Admin/Desktop/shuttle web app/TransitDesk/src/features/services/components/ServiceForm.test.tsx:131:25\n    at runWithExpensiveErrorDiagnosticsDisabled (C:\\Users\\Admin\\Desktop\\shuttle web app\\TransitDesk\\node_modules\\@testing-library\\dom\\dist\\config.js:47:12)\n    at checkCallback (C:\\Users\\Admin\\Desktop\\shuttle web app\\TransitDesk\\node_modules\\@testing-library\\dom\\dist\\wait-for.js:124:77)\n    at Timeout.checkRealTimersCallback (C:\\Users\\Admin\\Desktop\\shuttle web app\\TransitDesk\\node_modules\\@testing-library\\dom\\dist\\wait-for.js:118:16)\n    at listOnTimeout (node:internal/timers:594:17)\n    at processTimers (node:internal/timers:529:7)"],"meta":{},"tags":[]},{"ancestorTitles":["ServiceForm validation"],"fullName":"ServiceForm validation submits successfully with valid input","status":"failed","title":"submits successfully with valid input","duration":1206.1632000000004,"failureMessages":["Error: \u001b[2mexpect(\u001b[22m\u001b[31melement\u001b[39m\u001b[2m).toBeEnabled()\u001b[22m\n\nReceived element is not enabled:\n  \u001b[31m<button\n  class=\"inline-flex w-full items-center justify-center rounded-md bg-blue-600 px-4 py-2 text-sm font-medium text-white transition hover:bg-blue-700 disabled:cursor-not-allowed disabled:opacity-60 sm:w-auto\"\n  disabled=\"\"\n  type=\"submit\"\n/>\u001b[39m\n\nIgnored nodes: comments, script, style\n\u001b[36m<html>\u001b[39m\n  \u001b[36m<head />\u001b[39m\n  \u001b[36m<body>\u001b[39m\n    \u001b[36m<div>\u001b[39m\n      \u001b[36m<form\u001b[39m\n        \u001b[33mclass\u001b[39m=\u001b[32m\"space-y-6 rounded-xl border border-gray-200 bg-white p-6 shadow-sm\"\u001b[39m\n      \u001b[36m>\u001b[39m\n        \u001b[36m<div\u001b[39m\n          \u001b[33mclass\u001b[39m=\u001b[32m\"flex flex-col gap-2 sm:flex-row sm:items-center sm:justify-between\"\u001b[39m\n        \u001b[36m>\u001b[39m\n          \u001b[36m<div>\u001b[39m\n            \u001b[36m<h2\u001b[39m\n              \u001b[33mclass\u001b[39m=\u001b[32m\"text-2xl font-bold text-gray-900\"\u001b[39m\n            \u001b[36m>\u001b[39m\n              \u001b[0mService form\u001b[0m\n            \u001b[36m</h2>\u001b[39m\n            \u001b[36m<p\u001b[39m\n              \u001b[33mclass\u001b[39m=\u001b[32m\"mt-1 text-sm text-gray-600\"\u001b[39m\n            \u001b[36m>\u001b[39m\n              \u001b[0mCapture service details, transport assignment, staffing, and passenger planning in one place.\u001b[0m\n            \u001b[36m</p>\u001b[39m\n          \u001b[36m</div>\u001b[39m\n          \u001b[36m<button\u001b[39m\n            \u001b[33mclass\u001b[39m=\u001b[32m\"inline-flex w-full items-center justify-center rounded-md bg-blue-600 px-4 py-2 text-sm font-medium text-white transition hover:bg-blue-700 disabled:cursor-not-allowed disabled:opacity-60 sm:w-auto\"\u001b[39m\n            \u001b[33mdisabled\u001b[39m=\u001b[32m\"\"\u001b[39m\n            \u001b[33mtype\u001b[39m=\u001b[32m\"submit\"\u001b[39m\n          \u001b[36m>\u001b[39m\n            \u001b[0mSave service\u001b[0m\n          \u001b[36m</button>\u001b[39m\n        \u001b[36m</div>\u001b[39m\n        \u001b[36m<fieldset\u001b[39m\n          \u001b[33mclass\u001b[39m=\u001b[32m\"space-y-6 disabled:opacity-90\"\u001b[39m\n        \u001b[36m>\u001b[39m\n          \u001b[36m<section\u001b[39m\n            \u001b[33mclass\u001b[39m=\u001b[32m\"space-y-4 rounded-xl border border-gray-200 bg-gray-50/60 p-5\"\u001b[39m\n          \u001b[36m>\u001b[39m\n            \u001b[36m<div>\u001b[39m\n              \u001b[36m<h3\u001b[39m\n                \u001b[33mclass\u001b[39m=\u001b[32m\"text-base font-semibold text-gray-900\"\u001b[39m\n              \u001b[36m>\u001b[39m\n                \u001b[0mService details\u001b[0m\n              \u001b[36m</h3>\u001b[39m\n              \u001b[36m<p\u001b[39m\n                \u001b[33mclass\u001b[39m=\u001b[32m\"mt-1 text-sm text-gray-600\"\u001b[39m\n              \u001b[36m>\u001b[39m\n                \u001b[0mCore scheduling, route, and passenger data.\u001b[0m\n              \u001b[36m</p>\u001b[39m\n            \u001b[36m</div>\u001b[39m\n            \u001b[36m<div\u001b[39m\n              \u001b[33mclass\u001b[39m=\u001b[32m\"grid gap-4 md:grid-cols-2 xl:grid-cols-4\"\u001b[39m\n            \u001b[36m>\u001b[39m\n              \u001b[36m<label\u001b[39m\n                \u001b[33mclass\u001b[39m=\u001b[32m\"flex flex-col gap-2 text-sm font-medium text-gray-700\"\u001b[39m\n              \u001b[36m>\u001b[39m\n                \u001b[36m<span>\u001b[39m\n                  \u001b[0mScheduled time\u001b[0m\n                \u001b[36m</span>\u001b[39m\n                \u001b[36m<input\u001b[39m\n                  \u001b[33mclass\u001b[39m=\u001b[32m\"w-full rounded-md border px-3 py-2 text-sm text-gray-900 shadow-sm outline-none transition border-gray-300 focus:border-blue-500 focus:ring-2 focus:ring-blue-200\"\u001b[39m\n                  \u001b[33mtype\u001b[39m=\u001b[32m\"datetime-local\"\u001b[39m\n                  \u001b[33mvalue\u001b[39m=\u001b[32m\"2026-03-22T12:20\"\u001b[39m\n                \u001b[36m/>\u001b[39m\n              \u001b[36m</label>\u001b[39m\n              \u001b[36m<label\u001b[39m\n                \u001b[33mclass\u001b[39m=\u001b[32m\"flex flex-col gap-2 text-sm font-medium text-gray-700\"\u001b[39m\n              \u001b[36m>\u001b[39m\n                \u001b[36m<span>\u001b[39m\n                  \u001b[0mService type\u001b[0m\n                \u001b[36m</span>\u001b[39m\n                \u001b[36m<select\u001b[39m\n                  \u001b[33mclass\u001b[39m=\u001b[32m\"w-full rounded-md border px-3 py-2 text-sm text-gray-900 shadow-sm outline-none transition border-gray-300 focus:border-blue-500 focus:ring-2 focus:ring-blue-200\"\u001b[39m\n                \u001b[36m>\u001b[39m\n                  \u001b[36m<option\u001b[39m\n                    \u001b[33mvalue\u001b[39m=\u001b[32m\"\"\u001b[39m\n                  \u001b[36m>\u001b[39m\n                    \u001b[0mSelect a type\u001b[0m\n                  \u001b[36m</option>\u001b[39m\n                  \u001b[36m<option\u001b[39m\n                    \u001b[33mvalue\u001b[39m=\u001b[32m\"Tour\"\u001b[39m\n                  \u001b[36m>\u001b[39m\n                    \u001b[0mTour\u001b[0m\n                  \u001b[36m</option>\u001b[39m\n                  \u001b[36m<option\u001b[39m\n                    \u001b[33mvalue\u001b[39m=\u001b[32m\"Levada\"\u001b[39m\n                  \u001b[36m>\u001b[39m\n                    \u001b[0mLevada\u001b[0m\n                  \u001b[36m</option>\u001b[39m\n                  \u001b[36m<option\u001b[39m\n                    \u001b[33mvalue\u001b[39m=\u001b[32m\"Transfer\"\u001b[39m\n                  \u001b[36m>\u001b[39m\n                    \u001b[0mTransfer\u001b[0m\n                  \u001b[36m</option>\u001b[39m\n                  \u001b[36m<option\u001b[39m\n                    \u001b[33mvalue\u001b[39m=\u001b[32m\"Taxi\"\u001b[39m\n                  \u001b[36m>\u001b[39m\n                    \u001b[0mTaxi\u001b[0m\n                  \u001b[36m</option>\u001b[39m\n                  \u001b[36m<option\u001b[39m\n                    \u001b[33mvalue\u001b[39m=\u001b[32m\"Shuttle\"\u001b[39m\n                  \u001b[36m>\u001b[39m\n                    \u001b[0mShuttle\u001b[0m\n                  \u001b[36m</option>\u001b[39m\n                \u001b[36m</select>\u001b[39m\n              \u001b[36m</label>\u001b[39m\n              \u001b[36m<label\u001b[39m\n                \u001b[33mclass\u001b[39m=\u001b[32m\"flex flex-col gap-2 text-sm font-medium text-gray-700\"\u001b[39m\n              \u001b[36m>\u001b[39m\n                \u001b[36m<span>\u001b[39m\n                  \u001b[0mStatus\u001b[0m\n                \u001b[36m</span>\u001b[39m\n                \u001b[36m<select\u001b[39m\n                  \u001b[33mclass\u001b[39m=\u001b[32m\"w-full rounded-md border px-3 py-2 text-sm text-gray-900 shadow-sm outline-none transition border-gray-300 focus:border-blue-500 focus:ring-2 focus:ring-blue-200\"\u001b[39m\n                \u001b[36m>\u001b[39m\n                  \u001b[36m<option\u001b[39m\n                    \u001b[33mvalue\u001b[39m=\u001b[32m\"\"\u001b[39m\n                  \u001b[36m>\u001b[39m\n                    \u001b[0mSelect status\u001b[0m\n                  \u001b[36m</option>\u001b[39m\n                  \u001b[36m<option\u001b[39m\n                    \u001b[33mvalue\u001b[39m=\u001b[32m\"scheduled\"\u001b[39m\n                  \u001b[36m>\u001b[39m\n                    \u001b[0mscheduled\u001b[0m\n                  \u001b[36m</option>\u001b[39m\n                  \u001b[36m<option\u001b[39m\n                    \u001b[33mvalue\u001b[39m=\u001b[32m\"ongoing\"\u001b[39m\n                  \u001b[36m>\u001b[39m\n                    \u001b[0mongoing\u001b[0m\n                  \u001b[36m</option>\u001b[39m\n                  \u001b[36m<option\u001b[39m\n                    \u001b[33mvalue\u001b[39m=\u001b[32m\"completed\"\u001b[39m\n                  \u001b[36m>\u001b[39m\n                    \u001b[0mcompleted\u001b[0m\n                  \u001b[36m</option>\u001b[39m\n                  \u001b[36m<option\u001b[39m\n                    \u001b[33mvalue\u001b[39m=\u001b[32m\"cancelled\"\u001b[39m\n                  \u001b[36m>\u001b[39m\n                    \u001b[0mcancelled\u001b[0m\n                  \u001b[36m</option>\u001b[39m\n                \u001b[36m</select>\u001b[39m\n              \u001b[36m</label>\u001b[39m\n              \u001b[36m<label\u001b[39m\n                \u001b[33mclass\u001b[39m=\u001b[32m\"flex flex-col gap-2 text-sm font-medium text-gray-700\"\u001b[39m\n              \u001b[36m>\u001b[39m\n                \u001b[36m<span>\u001b[39m\n                  \u001b[0mPassenger quantity\u001b[0m\n                \u001b[36m</span>\u001b[39m\n                \u001b[36m<input\u001b[39m\n                  \u001b[33mclass\u001b[39m=\u001b[32m\"w-full rounded-md border px-3 py-2 text-sm text-gray-900 shadow-sm outline-none transition border-gray-300 focus:border-blue-500 focus:ring-2 focus:ring-blue-200\"\u001b[39m\n                  \u001b[33mplaceholder\u001b[39m=\u001b[32m\"e.g. 12\"\u001b[39m\n                  \u001b[33mtype\u001b[39m=\u001b[32m\"number\"\u001b[39m\n                  \u001b[33mvalue\u001b[39m=\u001b[32m\"10\"\u001b[39m\n                \u001b[36m/>\u001b[39m\n              \u001b[36m</label>\u001b[39m\n         ...\n    at Proxy.expectWrapper (file:///C:/Users/Admin/Desktop/shuttle%20web%20app/TransitDesk/node_modules/@vitest/expect/dist/index.js:1878:12)\n    at Proxy.<anonymous> (file:///C:/Users/Admin/Desktop/shuttle%20web%20app/TransitDesk/node_modules/@vitest/expect/dist/index.js:1151:15)\n    at Proxy.methodWrapper (file:///C:/Users/Admin/Desktop/shuttle%20web%20app/TransitDesk/node_modules/chai/index.js:1700:25)\n    at C:/Users/Admin/Desktop/shuttle web app/TransitDesk/src/features/services/components/ServiceForm.test.tsx:143:25\n    at runWithExpensiveErrorDiagnosticsDisabled (C:\\Users\\Admin\\Desktop\\shuttle web app\\TransitDesk\\node_modules\\@testing-library\\dom\\dist\\config.js:47:12)\n    at checkCallback (C:\\Users\\Admin\\Desktop\\shuttle web app\\TransitDesk\\node_modules\\@testing-library\\dom\\dist\\wait-for.js:124:77)\n    at Timeout.checkRealTimersCallback (C:\\Users\\Admin\\Desktop\\shuttle web app\\TransitDesk\\node_modules\\@testing-library\\dom\\dist\\wait-for.js:118:16)\n    at listOnTimeout (node:internal/timers:594:17)\n    at processTimers (node:internal/timers:529:7)"],"meta":{},"tags":[]}],"startTime":1774095648527,"endTime":1774095651208.163,"status":"failed","message":"","name":"C:/Users/Admin/Desktop/shuttle web app/TransitDesk/src/features/services/components/ServiceForm.test.tsx"},{"assertionResults":[{"ancestorTitles":["VehicleForm"],"fullName":"VehicleForm shows validation errors and blocks submit when required fields are missing","status":"passed","title":"shows validation errors and blocks submit when required fields are missing","duration":196.74250000000006,"failureMessages":[],"meta":{},"tags":[]},{"ancestorTitles":["VehicleForm"],"fullName":"VehicleForm submits valid create payload","status":"failed","title":"submits valid create payload","duration":27.447599999999966,"failureMessages":["TestingLibraryElementError: Unable to find a label with the text of: Type\n\nIgnored nodes: comments, script, style\n\u001b[36m<body>\u001b[39m\n  \u001b[36m<div>\u001b[39m\n    \u001b[36m<form\u001b[39m\n      \u001b[33mclass\u001b[39m=\u001b[32m\"space-y-6\"\u001b[39m\n      \u001b[33mnovalidate\u001b[39m=\u001b[32m\"\"\u001b[39m\n    \u001b[36m>\u001b[39m\n      \u001b[36m<section\u001b[39m\n        \u001b[33mclass\u001b[39m=\u001b[32m\"space-y-4 rounded-xl border border-gray-200 bg-white p-5 shadow-sm\"\u001b[39m\n      \u001b[36m>\u001b[39m\n        \u001b[36m<div>\u001b[39m\n          \u001b[36m<h2\u001b[39m\n            \u001b[33mclass\u001b[39m=\u001b[32m\"text-base font-semibold text-gray-900\"\u001b[39m\n          \u001b[36m>\u001b[39m\n            \u001b[0mVehicle Details\u001b[0m\n          \u001b[36m</h2>\u001b[39m\n          \u001b[36m<p\u001b[39m\n            \u001b[33mclass\u001b[39m=\u001b[32m\"mt-1 text-sm text-gray-600\"\u001b[39m\n          \u001b[36m>\u001b[39m\n            \u001b[0mProvide vehicle information including registration and capacity details.\u001b[0m\n          \u001b[36m</p>\u001b[39m\n        \u001b[36m</div>\u001b[39m\n        \u001b[36m<div\u001b[39m\n          \u001b[33mclass\u001b[39m=\u001b[32m\"grid gap-4 md:grid-cols-2\"\u001b[39m\n        \u001b[36m>\u001b[39m\n          \u001b[36m<div\u001b[39m\n            \u001b[33mclass\u001b[39m=\u001b[32m\"flex flex-col gap-2\"\u001b[39m\n          \u001b[36m>\u001b[39m\n            \u001b[36m<label\u001b[39m\n              \u001b[33mclass\u001b[39m=\u001b[32m\"text-sm font-medium text-gray-700\"\u001b[39m\n              \u001b[33mfor\u001b[39m=\u001b[32m\"_r_a_\"\u001b[39m\n            \u001b[36m>\u001b[39m\n              \u001b[0mLicense Plate\u001b[0m\n              \u001b[36m<span\u001b[39m\n                \u001b[33mclass\u001b[39m=\u001b[32m\"ml-1 text-red-600\"\u001b[39m\n              \u001b[36m>\u001b[39m\n                \u001b[0m*\u001b[0m\n              \u001b[36m</span>\u001b[39m\n            \u001b[36m</label>\u001b[39m\n            \u001b[36m<input\u001b[39m\n              \u001b[33maria-invalid\u001b[39m=\u001b[32m\"false\"\u001b[39m\n              \u001b[33mautocomplete\u001b[39m=\u001b[32m\"off\"\u001b[39m\n              \u001b[33mclass\u001b[39m=\u001b[32m\"w-full rounded-md border px-3 py-2 text-sm text-gray-900 shadow-sm outline-none transition border-gray-300 focus:border-blue-500 focus:ring-2 focus:ring-blue-200\"\u001b[39m\n              \u001b[33mid\u001b[39m=\u001b[32m\"_r_a_\"\u001b[39m\n              \u001b[33mplaceholder\u001b[39m=\u001b[32m\"AA-12-BB\"\u001b[39m\n              \u001b[33mrequired\u001b[39m=\u001b[32m\"\"\u001b[39m\n              \u001b[33mtype\u001b[39m=\u001b[32m\"text\"\u001b[39m\n              \u001b[33mvalue\u001b[39m=\u001b[32m\"AA-12-BB\"\u001b[39m\n            \u001b[36m/>\u001b[39m\n          \u001b[36m</div>\u001b[39m\n          \u001b[36m<div\u001b[39m\n            \u001b[33mclass\u001b[39m=\u001b[32m\"flex flex-col gap-2\"\u001b[39m\n          \u001b[36m>\u001b[39m\n            \u001b[36m<label\u001b[39m\n              \u001b[33mclass\u001b[39m=\u001b[32m\"text-sm font-medium text-gray-700\"\u001b[39m\n              \u001b[33mfor\u001b[39m=\u001b[32m\"_r_b_\"\u001b[39m\n            \u001b[36m>\u001b[39m\n              \u001b[0mType\u001b[0m\n              \u001b[36m<span\u001b[39m\n                \u001b[33mclass\u001b[39m=\u001b[32m\"ml-1 text-red-600\"\u001b[39m\n              \u001b[36m>\u001b[39m\n                \u001b[0m*\u001b[0m\n              \u001b[36m</span>\u001b[39m\n            \u001b[36m</label>\u001b[39m\n            \u001b[36m<select\u001b[39m\n              \u001b[33maria-invalid\u001b[39m=\u001b[32m\"false\"\u001b[39m\n              \u001b[33mclass\u001b[39m=\u001b[32m\"w-full rounded-md border px-3 py-2 text-sm text-gray-900 shadow-sm outline-none transition border-gray-300 focus:border-blue-500 focus:ring-2 focus:ring-blue-200\"\u001b[39m\n              \u001b[33mid\u001b[39m=\u001b[32m\"_r_b_\"\u001b[39m\n              \u001b[33mrequired\u001b[39m=\u001b[32m\"\"\u001b[39m\n            \u001b[36m>\u001b[39m\n              \u001b[36m<option\u001b[39m\n                \u001b[33mvalue\u001b[39m=\u001b[32m\"\"\u001b[39m\n              \u001b[36m>\u001b[39m\n                \u001b[0mSelect type\u001b[0m\n              \u001b[36m</option>\u001b[39m\n              \u001b[36m<option\u001b[39m\n                \u001b[33mvalue\u001b[39m=\u001b[32m\"Light Vehicle\"\u001b[39m\n              \u001b[36m>\u001b[39m\n                \u001b[0mLight Vehicle\u001b[0m\n              \u001b[36m</option>\u001b[39m\n              \u001b[36m<option\u001b[39m\n                \u001b[33mvalue\u001b[39m=\u001b[32m\"Heavy Vehicle\"\u001b[39m\n              \u001b[36m>\u001b[39m\n                \u001b[0mHeavy Vehicle\u001b[0m\n              \u001b[36m</option>\u001b[39m\n              \u001b[36m<option\u001b[39m\n                \u001b[33mvalue\u001b[39m=\u001b[32m\"Van\"\u001b[39m\n              \u001b[36m>\u001b[39m\n                \u001b[0mVan\u001b[0m\n              \u001b[36m</option>\u001b[39m\n              \u001b[36m<option\u001b[39m\n                \u001b[33mvalue\u001b[39m=\u001b[32m\"Minibus\"\u001b[39m\n              \u001b[36m>\u001b[39m\n                \u001b[0mMinibus\u001b[0m\n              \u001b[36m</option>\u001b[39m\n              \u001b[36m<option\u001b[39m\n                \u001b[33mvalue\u001b[39m=\u001b[32m\"Bus\"\u001b[39m\n              \u001b[36m>\u001b[39m\n                \u001b[0mBus\u001b[0m\n              \u001b[36m</option>\u001b[39m\n              \u001b[36m<option\u001b[39m\n                \u001b[33mvalue\u001b[39m=\u001b[32m\"SUV\"\u001b[39m\n              \u001b[36m>\u001b[39m\n                \u001b[0mSUV\u001b[0m\n              \u001b[36m</option>\u001b[39m\n              \u001b[36m<option\u001b[39m\n                \u001b[33mvalue\u001b[39m=\u001b[32m\"Hybrid\"\u001b[39m\n              \u001b[36m>\u001b[39m\n                \u001b[0mHybrid\u001b[0m\n              \u001b[36m</option>\u001b[39m\n              \u001b[36m<option\u001b[39m\n                \u001b[33mvalue\u001b[39m=\u001b[32m\"Taxi\"\u001b[39m\n              \u001b[36m>\u001b[39m\n                \u001b[0mTaxi\u001b[0m\n              \u001b[36m</option>\u001b[39m\n              \u001b[36m<option\u001b[39m\n                \u001b[33mvalue\u001b[39m=\u001b[32m\"School Bus\"\u001b[39m\n              \u001b[36m>\u001b[39m\n                \u001b[0mSchool Bus\u001b[0m\n              \u001b[36m</option>\u001b[39m\n              \u001b[36m<option\u001b[39m\n                \u001b[33mvalue\u001b[39m=\u001b[32m\"Other\"\u001b[39m\n              \u001b[36m>\u001b[39m\n                \u001b[0mOther\u001b[0m\n              \u001b[36m</option>\u001b[39m\n            \u001b[36m</select>\u001b[39m\n          \u001b[36m</div>\u001b[39m\n          \u001b[36m<div\u001b[39m\n            \u001b[33mclass\u001b[39m=\u001b[32m\"flex flex-col gap-2\"\u001b[39m\n          \u001b[36m>\u001b[39m\n            \u001b[36m<label\u001b[39m\n              \u001b[33mclass\u001b[39m=\u001b[32m\"text-sm font-medium text-gray-700\"\u001b[39m\n              \u001b[33mfor\u001b[39m=\u001b[32m\"_r_c_\"\u001b[39m\n            \u001b[36m>\u001b[39m\n              \u001b[0mBrand\u001b[0m\n              \u001b[36m<span\u001b[39m\n                \u001b[33mclass\u001b[39m=\u001b[32m\"ml-1 text-red-600\"\u001b[39m\n              \u001b[36m>\u001b[39m\n                \u001b[0m*\u001b[0m\n              \u001b[36m</span>\u001b[39m\n            \u001b[36m</label>\u001b[39m\n            \u001b[36m<input\u001b[39m\n              \u001b[33maria-invalid\u001b[39m=\u001b[32m\"false\"\u001b[39m\n              \u001b[33mautocomplete\u001b[39m=\u001b[32m\"off\"\u001b[39m\n              \u001b[33mclass\u001b[39m=\u001b[32m\"w-full rounded-md border px-3 py-2 text-sm text-gray-900 shadow-sm outline-none transition border-gray-300 focus:border-blue-500 focus:ring-2 focus:ring-blue-200\"\u001b[39m\n              \u001b[33mid\u001b[39m=\u001b[32m\"_r_c_\"\u001b[39m\n              \u001b[33mplaceholder\u001b[39m=\u001b[32m\"Mercedes\"\u001b[39m\n              \u001b[33mrequired\u001b[39m=\u001b[32m\"\"\u001b[39m\n              \u001b[33mtype\u001b[39m=\u001b[32m\"text\"\u001b[39m\n              \u001b[33mvalue\u001b[39m=\u001b[32m\"\"\u001b[39m\n            \u001b[36m/>\u001b[39m\n          \u001b[36m</div>\u001b[39m\n          \u001b[36m<div\u001b[39m\n            \u001b[33mclass\u001b[39m=\u001b[32m\"flex flex-col gap-2\"\u001b[39m\n          \u001b[36m>\u001b[39m\n            \u001b[36m<label\u001b[39m\n              \u001b[33mclass\u001b[39m=\u001b[32m\"text-sm font-medium text-gray-700\"\u001b[39m\n              \u001b[33mfor\u001b[39m=\u001b[32m\"_r_d_\"\u001b[39m\n            \u001b[36m>\u001b[39m\n              \u001b[0mModel\u001b[0m\n              \u001b[36m<span\u001b[39m\n                \u001b[33mclass\u001b[39m=\u001b[32m\"ml-1 text-red-600\"\u001b[39m\n              \u001b[36m>\u001b[39m\n                \u001b[0m*\u001b[0m\n              \u001b[36m</span>\u001b[39m\n            \u001b[36m</label>\u001b[39m\n            \u001b[36m<input\u001b[39m\n              \u001b[33maria-invalid\u001b[39m=\u001b[32m\"false\"\u001b[39m\n              \u001b[33mautocomplete\u001b[39m=\u001b[32m\"off\"\u001b[39m\n              \u001b[33mclass\u001b[39m=\u001b[32m\"w-full rounded-md border px-3 py-2 text-sm text-gray-900 shadow-sm outline-none transition border-gray-300 focus:border-blue-500 focus:ring-2 focus:ring-blue-200\"\u001b[39m\n              \u001b[33mid\u001b[39m=\u001b[32m\"_r_d_\"\u001b[39m\n              \u001b[33mplaceholder\u001b[39m=\u001b[32m\"Sprinter\"\u001b[39m\n              \u001b[33mrequired\u001b[39m=\u001b[32m\"\"\u001b[39m\n              \u001b[33mtype\u001b[39m=\u001b[32m\"text\"\u001b[39m\n              \u001b[33mvalue\u001b[39m=\u001b[32m\"\"\u001b[39m\n            \u001b[36m/>\u001b[39m\n          \u001b[36m</div>\u001b[39m\n          \u001b[36m<div\u001b[39m\n            \u001b[33mclass\u001b[39m=\u001b[32m\"flex flex-col gap-2\"\u001b[39m\n          \u001b[36m>\u001b[39m\n            \u001b[36m<label\u001b[39m\n              \u001b[33mclass\u001b[39m=\u001b[32m\"text-sm font-medium text-gray-700\"\u001b[39m\n              \u001b[33mfor\u001b[39m=\u001b[32m\"_r_e_\"\u001b[39m\n            \u001b[36m>\u001b[39m\n              \u001b[0mColor\u001b[0m\n              \u001b[36m<span\u001b[39m\n                \u001b[33mclass\u001b[39m=\u001b[32m\"ml-1 text-red-600\"\u001b[39m\n              \u001b[36m>\u001b[39m\n                \u001b[0m*\u001b[0m\n              \u001b[36m</span>\u001b[39m\n            \u001b[36m</label>\u001b[39m\n            \u001b[36m<input\u001b[39m\n              \u001b[33maria-invalid\u001b[39m=\u001b[32m\"false\"\u001b[39m\n              \u001b[33mautocomplete\u001b[39m=\u001b[32m\"off\"\u001b[39m\n              \u001b[33mclass\u001b[39m=\u001b[32m\"w-full rounded-md border px-3 py-2 text-sm text-gray-900 shadow-sm outline-none transition border-gray-300 focus:border-blue-500 focus:ring-2 focus:ring-blue-200\"\u001b[39m\n              \u001b[33mid\u001b[39m=\u001b[32m\"_r_e_\"\u001b[39m\n              \u001b[33mplaceholder\u001b[39m=\u001b[32m\"White\"\u001b[39m\n              \u001b[33mrequired\u001b[39m=\u001b[32m\"\"\u001b[39m\n              \u001b[33mtype\u001b[39m=\u001b[32m\"text\"\u001b[39m\n              \u001b[33mvalue\u001b[39m=\u001b[32m\"\"\u001b[39m\n            \u001b[36m/>\u001b[39m\n          \u001b[36m</div>\u001b[39m\n          \u001b[36m<div\u001b[39m\n            \u001b[33mclass\u001b[39m=\u001b[32m\"flex flex-col gap-2\"\u001b[39m\n          \u001b[36m>\u001b[39m\n            \u001b[36m<label\u001b[39m\n              \u001b[33mclass\u001b[39m=\u001b[32m\"text-sm font-medium text-gray-700\"\u001b[39m\n              \u001b[33mfor\u001b[39m=\u001b[32m\"_r_f_\"\u001b[39m\n            \u001b[36m>\u001b[39m\n              \u001b[0mYear\u001b[0m\n              \u001b[36m<span\u001b[39m\n                \u001b[33mclass\u001b[39m=\u001b[32m\"ml-1 text-red-600\"\u001b[39m\n              \u001b[36m>\u001b[39m\n                \u001b[0m*\u001b[0m\n              \u001b[36m</span>\u001b[39m\n            \u001b[36m</label>\u001b[39m\n            \u001b[36m<input\u001b[39m\n              \u001b[33maria-invalid\u001b[39m=\u001b[32m\"false\"\u001b[39m\n              \u001b[33mclass\u001b[39m=\u001b[32m\"w-full rounded-md border px-3 py-2 text-sm text-gray-900 shadow-sm outline-none transition border-gray-300 focus:border-blue-500 focus:ring-2 focus:ring-blue-200\"\u001b[39m\n              \u001b[33mid\u001b[39m=\u001b[32m\"_r_f_\"\u001b[39m\n              \u001b[33mplaceholder\u001b[39m=\u001b[32m\"2022\"\u001b[39m\n              \u001b[33mrequired\u001b[39m=\u001b[32m\"\"\u001b[39m\n              \u001b[33mtype\u001b[39m=\u001b[32m\"number\"\u001b[39m\n              \u001b[33mvalue\u001b[39m=\u001b[32m\"\"\u001b[39m\n            \u001b[36m/>\u001b[39m\n          \u001b[36m</div>\u001b[39m\n          \u001b[36m<div\u001b[39m\n            \u001b[33mclass\u001b[39m=\u001b[32m\"flex flex-col gap-2\"\u001b[39m\n          \u001b[36m>\u001b[39m\n            \u001b[36m<label\u001b[39m\n              \u001b[33mclass\u001b[39m=\u001b[32m\"text-sm font-medium text-gray-700\"\u001b[39m\n              \u001b[33mfor\u001b[39m=\u001b[32m\"_r_g_\"\u001b[39m\n            \u001b[36m>\u001b[39m\n              \u001b[0mPassenger Capacity\u001b[0m\n              \u001b[36m<span\u001b[39m\n                \u001b[33mclass\u001b[39m=\u001b[32m\"ml-1 text-red-600\"\u001b[39m\n              \u001b[36m>\u001b[39m\n                \u001b[0m*\u001b[0m\n              \u001b[36m</span>\u001b[39m\n            \u001b[36m</label>\u001b[39m\n            \u001b[36m<input\u001b[39m\n              \u001b[33maria-invalid\u001b[39m=\u001b[32m\"false\"\u001b[39m\n              \u001b[33mclass\u001b[39m=\u001b[32m\"w-full rounded-md border px-3 py-2 text-sm text-gray-900 shadow-sm outline-none transition border-gray-300 focus:border-blue-500 focus:ring-2 focus:ring-blue-200\"\u001b[39m\n              \u001b[33mid\u001b[39m=\u001b[32m\"_r_g_\"\u001b[39m\n              \u001b[33mplaceholder\u001b[39m=\u001b[32m\"16\"\u001b[39m\n              \u001b[33mrequired\u001b[39m=\u001b[32m\"\"\u001b[39m\n              \u001b[33mtype\u001b[39m=\u001b[32m\"number\"\u001b[39m\n              \u001b[33mvalue\u001b[39m=\u001b[32m\"\"\u001b[39m\n            \u001b[36m/>\u001b[39m\n          \u001b[36m</div>\u001b[39m\n        \u001b[36m</div>\u001b[39m\n      \u001b[36m</section>\u001b[39m\n      \u001b[36m<section\u001b[39m\n        \u001b[33mclass\u001b[39m=\u001b[32m\"space-y-4 rounded-xl border border-gray-200 bg-white p-5 shadow-sm\"\u001b[39m\n      \u001b[36m>\u001b[39m\n        \u001b[36m<div>\u001b[39m\n          \u001b[36m<h2\u001b[39m\n            \u001b[33mclass\u001b[39m=\u001b[32m\"text-base font-semibold text-gray-900\"\u001b[39m\n          \u001b[36m>\u001b[39m\n            \u001b[0mOptional Details\u001b[0m\n          \u001b[36m</h2>\u001b[39m\n          \u001b[36m<p\u001b[39m\n            \u001b[33mclass\u001b[39m=\u001b[32m\"mt-1 text-sm text-gray-600\"\u001b[39m\n          \u001b[36m>\u001b[39m\n            \u001b[0mAdditional registration and assignment information.\u001b[0m\n          \u001b[36m</p>\u001b[39m\n        \u001b[36m</div>\u001b[39m\n        \u001b[36m<div\u001b[39m\n          \u001b[33mclass\u001b[39m=\u001b[32m\"grid gap-4 md:grid-cols-2\"\u001b[39m\n        \u001b[36m>\u001b[39m\n          \u001b[36m<div\u001b[39m\n            \u001b[33mclass\u001b[39m=\u001b[32m\"flex flex-col gap-2\"\u001b[39m\n          \u001b[36m>\u001b[39m\n            \u001b[36m<label\u001b[39m\n              \u001b[33mclass\u001b[39m=\u001b[32m\"text-sm font-medium text-gray-700\"\u001b[39m\n              \u001b[33mfor\u001b[39m=\u001b[32m\"_r_h_\"\u001b[39m\n            \u001b[36m>\u001b[39m\n              \u001b[0mRegistration Date\u001b[0m\n            \u001b[36m</label>\u001b[39m\n            \u001b[36m<input\u001b[39m\n              \u001b[33maria-invalid\u001b[39m=\u001b[32m\"false\"\u001b[39m\n              \u001b[33mclass\u001b[39m=\u001b[32m\"w-full rounded-md border px-3 py-2 text-sm text-gray-900 shadow-sm outline-none transition border-gray-300 focus:border-blue-500 focus:ring-2 focus:ring-blue-200\"\u001b[39m\n              \u001b[33mid\u001b[39m=\u001b[32m\"_r_h_\"\u001b[39m\n              \u001b[33mtype\u001b[39m=\u001b[32m\"date\"\u001b[39m\n              \u001b[33mvalue\u001b[39m=\u001b[32m\"\"\u001b[39m\n            \u001b[36m/>\u001b[39m\n          \u001b[36m</div>\u001b[39m\n          \u001b[36m<div\u001b[39m\n            \u001b[33mclass\u001b[39m=\u001b[32m\"flex flex-col gap-2\"\u001b[39m\n          \u001b[36m>\u001b[39m\n            \u001b[36m<label\u001b[39m\n              \u001b[33mclass\u001b[39m=\u001b[32m\"text-sm font-medium text-gray-700\"\u001b[39m\n              \u001b[33mfor\u001b[39m=\u001b[32m\"_r_i_\"\u001b[39m\n            \u001b[36m>\u001b[39m\n              \u001b[0mInspection Expiry\u001b[0m\n            \u001b[36m</label>\u001b[39m\n            \u001b[36m<input\u001b[39m\n              \u001b[33maria-invalid\u001b[39m=\u001b[32m\"false\"\u001b[39m\n              \u001b[33mclass\u001b[39m=\u001b[32m\"w-full rounded-md border px-3 py-2 text-sm text-gray-900 shadow-sm outline-none transition border-gray-300 focus:border-blue-500 focus:ring-2 focus:ring-blue-200\"\u001b[39m\n              \u001b[33mid\u001b[39m=\u001b[32m\"_r_i_\"\u001b[39m\n              \u001b[33mtype\u001b[39m=\u001b[32m\"date\"\u001b[39m\n              \u001b[33mvalue\u001b[39m=\u001b[32m\"\"\u001b[39m\n            \u001b[36m/>\u001b[39m\n          \u001b[36m</div>\u001b[39m\n          \u001b[36m<div\u001b[39m\n            \u001b[33mclass\u001b[39m=\u001b[32m\"flex flex-col gap-2\"\u001b[39m\n          \u001b[36m>\u001b[39m\n            \u001b[36m<label\u001b[39m\n              \u001b[33mclass\u001b[39m=\u001b[32m\"text-sm font-medium text-gray-700\"\u001b[39m\n              \u001b[33mfor\u001b[39m=\u001b[32m\"_r_j_\"\u001b[39m\n            \u001b[36m>\u001b[39m\n              \u001b[0mSuited For\u001b[0m\n            \u001b[36m</label>\u001b[39m\n            \u001b[36m<select\u001b[39m\n              \u001b[33maria-invalid\u001b[39m=\u001b[32m\"false\"\u001b[39m\n              \u001b[33mclass\u001b[39m=\u001b[32m\"w-full rounded-md border px-3 py-2 text-sm text-gray-900 shadow-sm outline-none transition border-gray-300 focus:border-blue-500 focus:ring-2 focus:ring-blue-200\"\u001b[39m\n              \u001b[33mid\u001b[39m=\u001b[32m\"_r_j_\"\u001b[39m\n            \u001b[36m>\u001b[39m\n              \u001b[36m<option\u001b[39m\n                \u001b[33mvalue\u001b[39m=\u001b[32m\"\"\u001b[39m\n              \u001b[36m>\u001b[39m\n                \u001b[0mSelect service type\u001b[0m\n              \u001b[36m</option>\u001b[39m\n              \u001b[36m<option\u001b[39m\n                \u001b[33mvalue\u001b[39m=\u001b[32m\"Tour\"\u001b[39m\n              \u001b[36m>\u001b[39m\n                \u001b[0mTour\u001b[0m\n              \u001b[36m</option>\u001b[39m\n              \u001b[36m<option\u001b[39m\n                \u001b[33mvalue\u001b[39m=\u001b[32m\"Levada\"\u001b[39m\n              \u001b[36m>\u001b[39m\n                \u001b[0mLevada\u001b[0m\n              \u001b[36m</option>\u001b[39m\n              \u001b[36m<option\u001b[39m\n                \u001b[33mvalue\u001b[39m=\u001b[32m\"Transfer\"\u001b[39m\n              \u001b[36m>\u001b[39m\n                \u001b[0mTransfer\u001b[0m\n              \u001b[36m</option>\u001b[39m\n              \u001b[36m<option\u001b[39m\n                \u001b[33mvalue\u001b[39m=\u001b[32m\"Taxi\"\u001b[39m\n              \u001b[36m>\u001b[39m\n                \u001b[0mTaxi\u001b[0m\n              \u001b[36m</option>\u001b[39m\n              \u001b[36m<option\u001b[39m\n                \u001b[33mvalue\u001b[39m=\u001b[32m\"Shuttle\"\u001b[39m\n              \u001b[36m>\u001b[39m\n                \u001b[0mShuttle\u001b[0m\n              \u001b[36m</option>\u001b[39m\n            \u001b[36m</select>\u001b[39m\n          \u001b[36m</div>\u001b[39m\n          \u001b[36m<div\u001b[39m\n            \u001b[33mclass\u001b[39m=\u001b[32m\"flex items-end\"\u001b[39m\n          \u001b[36m>\u001b[39m\n            \u001b[36m<label\u001b[39m\n              \u001b[33mclass\u001b[39m=\u001b[32m\"flex items-center gap-2 text-sm font-medium text-gray-700\"\u001b[39m\n            \u001b[36m>\u001b[39m\n              \u001b[36m<input\u001b[39m\n                \u001b[33mchecked\u001b[39m=\u001b[32m\"\"\u001b[39m\n                \u001b[33mclass\u001b[39m=\u001b[32m\"h-4 w-4 rounded border-gray-300 text-blue-600\"\u001b[39m\n                \u001b[33mtype\u001b[39m=\u001b[32m\"checkbox\"\u001b[39m\n              \u001b[36m/>\u001b[39m\n              \u001b[36m<span>\u001b[39m\n                \u001b[0mActive\u001b[0m\n              \u001b[36m</span>\u001b[39m\n            \u001b[36m</label>\u001b[39m\n          \u001b[36m</div>\u001b[39m\n        \u001b[36m</div>\u001b[39m\n        \u001b[36m<div\u001b[39m\n          \u001b[33mclass\u001b[39m=\u001b[32m\"mt-4\"\u001b[39m\n        \u001b[36m>\u001b[39m\n          \u001b[36m<label\u001b[39m\n            \u001b[33mclass\u001b[39m=\u001b[32m\"flex flex-col gap-2 text-sm font-medium text-gray-700\"\u001b[39m\n          \u001b[36m>\u001b[39m\n            \u001b[36m<span>\u001b[39m\n              \u001b[0mNotes\u001b[0m\n            \u001b[36m</span>\u001b[39m\n            \u001b[36m<textarea\u001b[39m\n              \u001b[33mclass\u001b[39m=\u001b[32m\"rounded-md border border-gray-300 px-3 py-2 text-sm text-gray-900 shadow-sm outline-none transition focus:border-blue-500 focus:ring-2 focus:ring-blue-200\"\u001b[39m\n              \u001b[33mplaceholder\u001b[39m=\u001b[32m\"Any additional notes about this vehicle\"\u001b[39m\n              \u001b[33mrows\u001b[39m=\u001b[32m\"3\"\u001b[39m\n            \u001b[36m/>\u001b[39m\n          \u001b[36m</label>\u001b[39m\n        \u001b[36m</div>\u001b[39m\n      \u001b[36m</section>\u001b[39m\n      \u001b[36m<div\u001b[39m\n        \u001b[33mclass\u001b[39m=\u001b[32m\"flex flex-wrap items-center gap-3\"\u001b[39m\n      \u001b[36m>\u001b[39m\n        \u001b[36m<button\u001b[39m\n          \u001b[33mclass\u001b[39m=\u001b[32m\"inline-flex items-center justify-center rounded-md bg-blue-600 px-4 py-2 text-sm font-medium text-white transition hover:bg-blue-700 focus-visible:outline-none focus-visible:ring-2 focus-visible:ring-blue-500 disabled:cursor-not-allowed disabled:opacity-70\"\u001b[39m\n          \u001b[33mtype\u001b[39m=\u001b[32m\"submit\"\u001b[39m\n        \u001b[36m>\u001b[39m\n          \u001b[0mSave Vehicle\u001b[0m\n        \u001b[36m</button>\u001b[39m\n        \u001b[36m<a\u001b[39m\n          \u001b[33mclass\u001b[39m=\u001b[32m\"inline-flex items-center justify-center rounded-md border border-gray-300 px-4 py-2 text-sm font-medium text-gray-700 transition hover:bg-gray-100 focus-visible:outline-none focus-visible:ring-2 focus-visible:ring-blue-500\"\u001b[39m\n          \u001b[33mdata-discover\u001b[39m=\u001b[32m\"true\"\u001b[39m\n          \u001b[33mhref\u001b[39m=\u001b[32m\"/vehicles\"\u001b[39m\n        \u001b[36m>\u001b[39m\n          \u001b[0mCancel\u001b[0m\n        \u001b[36m</a>\u001b[39m\n      \u001b[36m</div>\u001b[39m\n    \u001b[36m</form>\u001b[39m\n  \u001b[36m</div>\u001b[39m\n\u001b[36m</body>\u001b[39m\n    at Object.getElementError (C:\\Users\\Admin\\Desktop\\shuttle web app\\TransitDesk\\node_modules\\@testing-library\\dom\\dist\\config.js:37:19)\n    at getAllByLabelText (C:\\Users\\Admin\\Desktop\\shuttle web app\\TransitDesk\\node_modules\\@testing-library\\dom\\dist\\queries\\label-text.js:111:38)\n    at C:\\Users\\Admin\\Desktop\\shuttle web app\\TransitDesk\\node_modules\\@testing-library\\dom\\dist\\query-helpers.js:52:17\n    at C:\\Users\\Admin\\Desktop\\shuttle web app\\TransitDesk\\node_modules\\@testing-library\\dom\\dist\\query-helpers.js:95:19\n    at C:/Users/Admin/Desktop/shuttle web app/TransitDesk/src/features/vehicles/components/VehicleForm.test.tsx:34:27\n    at file:///C:/Users/Admin/Desktop/shuttle%20web%20app/TransitDesk/node_modules/@vitest/runner/dist/index.js:296:11\n    at file:///C:/Users/Admin/Desktop/shuttle%20web%20app/TransitDesk/node_modules/@vitest/runner/dist/index.js:1258:26\n    at file:///C:/Users/Admin/Desktop/shuttle%20web%20app/TransitDesk/node_modules/@vitest/runner/dist/index.js:1681:20\n    at new Promise (<anonymous>)\n    at runWithCancel (file:///C:/Users/Admin/Desktop/shuttle%20web%20app/TransitDesk/node_modules/@vitest/runner/dist/index.js:1678:10)"],"meta":{},"tags":[]}],"startTime":1774095648524,"endTime":1774095648748.4475,"status":"failed","message":"","name":"C:/Users/Admin/Desktop/shuttle web app/TransitDesk/src/features/vehicles/components/VehicleForm.test.tsx"},{"assertionResults":[{"ancestorTitles":["vehicle schemas"],"fullName":"vehicle schemas accepts valid vehicle create payload","status":"passed","title":"accepts valid vehicle create payload","duration":4.640100000000075,"failureMessages":[],"meta":{},"tags":[]},{"ancestorTitles":["vehicle schemas"],"fullName":"vehicle schemas rejects invalid vehicle create payload","status":"passed","title":"rejects invalid vehicle create payload","duration":0.9747999999999593,"failureMessages":[],"meta":{},"tags":[]},{"ancestorTitles":["vehicle schemas"],"fullName":"vehicle schemas rejects invalid vehicle update id","status":"passed","title":"rejects invalid vehicle update id","duration":1.538000000000011,"failureMessages":[],"meta":{},"tags":[]}],"startTime":1774095648482,"endTime":1774095648489.538,"status":"passed","message":"","name":"C:/Users/Admin/Desktop/shuttle web app/TransitDesk/src/features/vehicles/schemas/vehicleForm.schema.test.ts"}]}