{"numTotalTestSuites":24,"numPassedTestSuites":22,"numFailedTestSuites":2,"numPendingTestSuites":0,"numTotalTests":53,"numPassedTests":52,"numFailedTests":1,"numPendingTests":0,"numTodoTests":0,"snapshot":{"added":0,"failure":false,"filesAdded":0,"filesRemoved":0,"filesRemovedList":[],"filesUnmatched":0,"filesUpdated":0,"matched":0,"total":0,"unchecked":0,"uncheckedKeysByFile":[],"unmatched":0,"updated":0,"didUpdate":false},"startTime":1774095862849,"success":false,"testResults":[{"assertionResults":[{"ancestorTitles":["mockDelay"],"fullName":"mockDelay resolves at minimum bound when random = 0","status":"passed","title":"resolves at minimum bound when random = 0","duration":7.813099999999849,"failureMessages":[],"meta":{},"tags":[]},{"ancestorTitles":["mockDelay"],"fullName":"mockDelay never exceeds maximum bound when random is near 1","status":"passed","title":"never exceeds maximum bound when random is near 1","duration":1.0012000000001535,"failureMessages":[],"meta":{},"tags":[]},{"ancestorTitles":["mock APIs latency consistency"],"fullName":"mock APIs latency consistency applies at least minimum delay to listServices/listVehicles/listDrivers","status":"passed","title":"applies at least minimum delay to listServices/listVehicles/listDrivers","duration":1.2158999999999196,"failureMessages":[],"meta":{},"tags":[]}],"startTime":1774095864515,"endTime":1774095864525.2158,"status":"passed","message":"","name":"C:/Users/Admin/Desktop/shuttle web app/TransitDesk/src/api/mockDelay.test.ts"},{"assertionResults":[{"ancestorTitles":["matchesStatus()"],"fullName":"matchesStatus() returns true when filter is 'all'","status":"passed","title":"returns true when filter is 'all'","duration":1.6329000000000633,"failureMessages":[],"meta":{},"tags":[]},{"ancestorTitles":["matchesStatus()"],"fullName":"matchesStatus() returns true when service status matches filter","status":"passed","title":"returns true when service status matches filter","duration":0.25099999999997635,"failureMessages":[],"meta":{},"tags":[]},{"ancestorTitles":["matchesStatus()"],"fullName":"matchesStatus() returns false when service status does not match filter","status":"passed","title":"returns false when service status does not match filter","duration":0.16000000000008185,"failureMessages":[],"meta":{},"tags":[]},{"ancestorTitles":["matchesStatus()"],"fullName":"matchesStatus() handles each concrete status correctly","status":"passed","title":"handles each concrete status correctly","duration":0.5089000000000397,"failureMessages":[],"meta":{},"tags":[]},{"ancestorTitles":["matchesSearch()"],"fullName":"matchesSearch() returns true when search is empty string","status":"passed","title":"returns true when search is empty string","duration":0.3287000000000262,"failureMessages":[],"meta":{},"tags":[]},{"ancestorTitles":["matchesSearch()"],"fullName":"matchesSearch() returns true when search is whitespace only","status":"passed","title":"returns true when search is whitespace only","duration":0.22590000000013788,"failureMessages":[],"meta":{},"tags":[]},{"ancestorTitles":["matchesSearch()"],"fullName":"matchesSearch() matches a substring case-insensitively","status":"passed","title":"matches a substring case-insensitively","duration":0.2686999999998534,"failureMessages":[],"meta":{},"tags":[]},{"ancestorTitles":["matchesSearch()"],"fullName":"matchesSearch() returns false when search does not match description","status":"passed","title":"returns false when search does not match description","duration":0.16089999999985594,"failureMessages":[],"meta":{},"tags":[]},{"ancestorTitles":["matchesSearch()"],"fullName":"matchesSearch() trims leading/trailing whitespace from search term","status":"passed","title":"trims leading/trailing whitespace from search term","duration":0.5471000000000004,"failureMessages":[],"meta":{},"tags":[]},{"ancestorTitles":["matchesDateRange()"],"fullName":"matchesDateRange() returns true when both startDate and endDate are empty","status":"passed","title":"returns true when both startDate and endDate are empty","duration":0.3795000000000073,"failureMessages":[],"meta":{},"tags":[]},{"ancestorTitles":["matchesDateRange()"],"fullName":"matchesDateRange() returns true when scheduledAt is after startDate","status":"passed","title":"returns true when scheduledAt is after startDate","duration":0.2938000000001466,"failureMessages":[],"meta":{},"tags":[]},{"ancestorTitles":["matchesDateRange()"],"fullName":"matchesDateRange() returns false when scheduledAt is before startDate","status":"passed","title":"returns false when scheduledAt is before startDate","duration":0.11159999999995307,"failureMessages":[],"meta":{},"tags":[]},{"ancestorTitles":["matchesDateRange()"],"fullName":"matchesDateRange() returns true when scheduledAt is before end of endDate","status":"passed","title":"returns true when scheduledAt is before end of endDate","duration":0.07920000000012806,"failureMessages":[],"meta":{},"tags":[]},{"ancestorTitles":["matchesDateRange()"],"fullName":"matchesDateRange() returns false when scheduledAt is after endDate (end of day)","status":"passed","title":"returns false when scheduledAt is after endDate (end of day)","duration":0.0783000000001266,"failureMessages":[],"meta":{},"tags":[]},{"ancestorTitles":["matchesDateRange()"],"fullName":"matchesDateRange() returns true when scheduledAt falls exactly on startDate","status":"passed","title":"returns true when scheduledAt falls exactly on startDate","duration":0.05920000000014625,"failureMessages":[],"meta":{},"tags":[]},{"ancestorTitles":["matchesDateRange()"],"fullName":"matchesDateRange() returns true when scheduledAt falls exactly on endDate","status":"passed","title":"returns true when scheduledAt falls exactly on endDate","duration":0.05209999999988213,"failureMessages":[],"meta":{},"tags":[]},{"ancestorTitles":["matchesDateRange()"],"fullName":"matchesDateRange() returns true when scheduledAt is within startDate–endDate range","status":"passed","title":"returns true when scheduledAt is within startDate–endDate range","duration":0.050700000000006185,"failureMessages":[],"meta":{},"tags":[]},{"ancestorTitles":["matchesDateRange()"],"fullName":"matchesDateRange() returns false when scheduledAt is outside startDate–endDate range","status":"passed","title":"returns false when scheduledAt is outside startDate–endDate range","duration":0.052500000000009095,"failureMessages":[],"meta":{},"tags":[]},{"ancestorTitles":["matchesDateRange()"],"fullName":"matchesDateRange() returns false when scheduledAt is an invalid date string","status":"passed","title":"returns false when scheduledAt is an invalid date string","duration":0.0544999999999618,"failureMessages":[],"meta":{},"tags":[]}],"startTime":1774095864484,"endTime":1774095864490.079,"status":"passed","message":"","name":"C:/Users/Admin/Desktop/shuttle web app/TransitDesk/src/hooks/useServiceFilters.test.ts"},{"assertionResults":[{"ancestorTitles":["ALLOWED_TRANSITIONS matrix"],"fullName":"ALLOWED_TRANSITIONS matrix scheduled allows ongoing and cancelled","status":"passed","title":"scheduled allows ongoing and cancelled","duration":2.0995000000000346,"failureMessages":[],"meta":{},"tags":[]},{"ancestorTitles":["ALLOWED_TRANSITIONS matrix"],"fullName":"ALLOWED_TRANSITIONS matrix ongoing allows cancelled and completed","status":"passed","title":"ongoing allows cancelled and completed","duration":0.39609999999993306,"failureMessages":[],"meta":{},"tags":[]},{"ancestorTitles":["ALLOWED_TRANSITIONS matrix"],"fullName":"ALLOWED_TRANSITIONS matrix cancelled has no allowed transitions","status":"passed","title":"cancelled has no allowed transitions","duration":0.28109999999992397,"failureMessages":[],"meta":{},"tags":[]},{"ancestorTitles":["ALLOWED_TRANSITIONS matrix"],"fullName":"ALLOWED_TRANSITIONS matrix completed has no allowed transitions","status":"passed","title":"completed has no allowed transitions","duration":0.31209999999987303,"failureMessages":[],"meta":{},"tags":[]},{"ancestorTitles":["canTransition()"],"fullName":"canTransition() allows scheduled → ongoing","status":"passed","title":"allows scheduled → ongoing","duration":0.37980000000015934,"failureMessages":[],"meta":{},"tags":[]},{"ancestorTitles":["canTransition()"],"fullName":"canTransition() allows scheduled → cancelled","status":"passed","title":"allows scheduled → cancelled","duration":0.20180000000004839,"failureMessages":[],"meta":{},"tags":[]},{"ancestorTitles":["canTransition()"],"fullName":"canTransition() allows ongoing → completed","status":"passed","title":"allows ongoing → completed","duration":0.20029999999997017,"failureMessages":[],"meta":{},"tags":[]},{"ancestorTitles":["canTransition()"],"fullName":"canTransition() allows ongoing → cancelled","status":"passed","title":"allows ongoing → cancelled","duration":0.19219999999995707,"failureMessages":[],"meta":{},"tags":[]},{"ancestorTitles":["canTransition()"],"fullName":"canTransition() forbids scheduled → completed","status":"passed","title":"forbids scheduled → completed","duration":0.6725000000001273,"failureMessages":[],"meta":{},"tags":[]},{"ancestorTitles":["canTransition()"],"fullName":"canTransition() forbids scheduled → scheduled (self-transition)","status":"passed","title":"forbids scheduled → scheduled (self-transition)","duration":0.3200000000001637,"failureMessages":[],"meta":{},"tags":[]},{"ancestorTitles":["canTransition()"],"fullName":"canTransition() forbids ongoing → scheduled","status":"passed","title":"forbids ongoing → scheduled","duration":0.2954000000001997,"failureMessages":[],"meta":{},"tags":[]},{"ancestorTitles":["canTransition()"],"fullName":"canTransition() forbids completed → any status","status":"passed","title":"forbids completed → any status","duration":0.30929999999989377,"failureMessages":[],"meta":{},"tags":[]},{"ancestorTitles":["canTransition()"],"fullName":"canTransition() forbids cancelled → any status","status":"passed","title":"forbids cancelled → any status","duration":0.22600000000011278,"failureMessages":[],"meta":{},"tags":[]}],"startTime":1774095864493,"endTime":1774095864499.3093,"status":"passed","message":"","name":"C:/Users/Admin/Desktop/shuttle web app/TransitDesk/src/constants/serviceStatuses.test.ts"},{"assertionResults":[{"ancestorTitles":["DriverForm"],"fullName":"DriverForm shows validation errors and blocks submit when required fields are missing","status":"passed","title":"shows validation errors and blocks submit when required fields are missing","duration":182.87519999999995,"failureMessages":[],"meta":{},"tags":[]},{"ancestorTitles":["DriverForm"],"fullName":"DriverForm submits valid create payload","status":"passed","title":"submits valid create payload","duration":62.54160000000002,"failureMessages":[],"meta":{},"tags":[]}],"startTime":1774095864548,"endTime":1774095864793.5415,"status":"passed","message":"","name":"C:/Users/Admin/Desktop/shuttle web app/TransitDesk/src/features/drivers/components/DriverForm.test.tsx"},{"assertionResults":[{"ancestorTitles":["driver schemas"],"fullName":"driver schemas accepts valid driver create payload","status":"passed","title":"accepts valid driver create payload","duration":3.5778999999999996,"failureMessages":[],"meta":{},"tags":[]},{"ancestorTitles":["driver schemas"],"fullName":"driver schemas rejects invalid create payload with missing required fields","status":"passed","title":"rejects invalid create payload with missing required fields","duration":1.466799999999921,"failureMessages":[],"meta":{},"tags":[]},{"ancestorTitles":["driver schemas"],"fullName":"driver schemas rejects invalid driver update id","status":"passed","title":"rejects invalid driver update id","duration":1.5091999999999643,"failureMessages":[],"meta":{},"tags":[]}],"startTime":1774095864509,"endTime":1774095864516.5093,"status":"passed","message":"","name":"C:/Users/Admin/Desktop/shuttle web app/TransitDesk/src/features/drivers/schemas/driverForm.schema.test.ts"},{"assertionResults":[{"ancestorTitles":["GuideForm"],"fullName":"GuideForm shows validation errors and blocks submit when required fields are missing","status":"passed","title":"shows validation errors and blocks submit when required fields are missing","duration":200.971,"failureMessages":[],"meta":{},"tags":[]},{"ancestorTitles":["GuideForm"],"fullName":"GuideForm supports language add/remove and submits valid create payload","status":"passed","title":"supports language add/remove and submits valid create payload","duration":164.8855000000001,"failureMessages":[],"meta":{},"tags":[]}],"startTime":1774095864547,"endTime":1774095864912.8855,"status":"passed","message":"","name":"C:/Users/Admin/Desktop/shuttle web app/TransitDesk/src/features/guides/components/GuideForm.test.tsx"},{"assertionResults":[{"ancestorTitles":["guide schemas"],"fullName":"guide schemas accepts valid guide create payload","status":"passed","title":"accepts valid guide create payload","duration":2.9732000000001335,"failureMessages":[],"meta":{},"tags":[]},{"ancestorTitles":["guide schemas"],"fullName":"guide schemas rejects create payload when languages are missing","status":"passed","title":"rejects create payload when languages are missing","duration":0.7638000000001739,"failureMessages":[],"meta":{},"tags":[]},{"ancestorTitles":["guide schemas"],"fullName":"guide schemas rejects invalid guide update id","status":"passed","title":"rejects invalid guide update id","duration":1.0153000000000247,"failureMessages":[],"meta":{},"tags":[]}],"startTime":1774095864509,"endTime":1774095864514.0154,"status":"passed","message":"","name":"C:/Users/Admin/Desktop/shuttle web app/TransitDesk/src/features/guides/schemas/guideForm.schema.test.ts"},{"assertionResults":[{"ancestorTitles":["ServiceForm validation"],"fullName":"ServiceForm validation shows field-level errors and blocks submit when required values are missing","status":"passed","title":"shows field-level errors and blocks submit when required values are missing","duration":105.35400000000004,"failureMessages":[],"meta":{},"tags":[]},{"ancestorTitles":["ServiceForm validation"],"fullName":"ServiceForm validation keeps submit button disabled while the form is invalid","status":"passed","title":"keeps submit button disabled while the form is invalid","duration":377.1249999999998,"failureMessages":[],"meta":{},"tags":[]},{"ancestorTitles":["ServiceForm validation"],"fullName":"ServiceForm validation submits successfully with valid input","status":"passed","title":"submits successfully with valid input","duration":187.36550000000034,"failureMessages":[],"meta":{},"tags":[]}],"startTime":1774095864558,"endTime":1774095865228.3655,"status":"passed","message":"","name":"C:/Users/Admin/Desktop/shuttle web app/TransitDesk/src/features/services/components/ServiceForm.test.tsx"},{"assertionResults":[{"ancestorTitles":["VehicleForm"],"fullName":"VehicleForm shows validation errors and blocks submit when required fields are missing","status":"passed","title":"shows validation errors and blocks submit when required fields are missing","duration":185.88560000000007,"failureMessages":[],"meta":{},"tags":[]},{"ancestorTitles":["VehicleForm"],"fullName":"VehicleForm submits valid create payload","status":"failed","title":"submits valid create payload","duration":1095.6348,"failureMessages":["AssertionError: expected \"vi.fn()\" to be called 1 times, but got 0 times\n\nIgnored nodes: comments, script, style\n\u001b[36m<html>\u001b[39m\n  \u001b[36m<head />\u001b[39m\n  \u001b[36m<body>\u001b[39m\n    \u001b[36m<div>\u001b[39m\n      \u001b[36m<form\u001b[39m\n        \u001b[33mclass\u001b[39m=\u001b[32m\"space-y-6\"\u001b[39m\n        \u001b[33mnovalidate\u001b[39m=\u001b[32m\"\"\u001b[39m\n      \u001b[36m>\u001b[39m\n        \u001b[36m<section\u001b[39m\n          \u001b[33mclass\u001b[39m=\u001b[32m\"space-y-4 rounded-xl border border-gray-200 bg-white p-5 shadow-sm\"\u001b[39m\n        \u001b[36m>\u001b[39m\n          \u001b[36m<div>\u001b[39m\n            \u001b[36m<h2\u001b[39m\n              \u001b[33mclass\u001b[39m=\u001b[32m\"text-base font-semibold text-gray-900\"\u001b[39m\n            \u001b[36m>\u001b[39m\n              \u001b[0mVehicle Details\u001b[0m\n            \u001b[36m</h2>\u001b[39m\n            \u001b[36m<p\u001b[39m\n              \u001b[33mclass\u001b[39m=\u001b[32m\"mt-1 text-sm text-gray-600\"\u001b[39m\n            \u001b[36m>\u001b[39m\n              \u001b[0mProvide vehicle information including registration and capacity details.\u001b[0m\n            \u001b[36m</p>\u001b[39m\n          \u001b[36m</div>\u001b[39m\n          \u001b[36m<div\u001b[39m\n            \u001b[33mclass\u001b[39m=\u001b[32m\"grid gap-4 md:grid-cols-2\"\u001b[39m\n          \u001b[36m>\u001b[39m\n            \u001b[36m<div\u001b[39m\n              \u001b[33mclass\u001b[39m=\u001b[32m\"flex flex-col gap-2\"\u001b[39m\n            \u001b[36m>\u001b[39m\n              \u001b[36m<label\u001b[39m\n                \u001b[33mclass\u001b[39m=\u001b[32m\"text-sm font-medium text-gray-700\"\u001b[39m\n                \u001b[33mfor\u001b[39m=\u001b[32m\"_r_a_\"\u001b[39m\n              \u001b[36m>\u001b[39m\n                \u001b[0mLicense Plate\u001b[0m\n                \u001b[36m<span\u001b[39m\n                  \u001b[33mclass\u001b[39m=\u001b[32m\"ml-1 text-red-600\"\u001b[39m\n                \u001b[36m>\u001b[39m\n                  \u001b[0m*\u001b[0m\n                \u001b[36m</span>\u001b[39m\n              \u001b[36m</label>\u001b[39m\n              \u001b[36m<input\u001b[39m\n                \u001b[33maria-invalid\u001b[39m=\u001b[32m\"false\"\u001b[39m\n                \u001b[33mautocomplete\u001b[39m=\u001b[32m\"off\"\u001b[39m\n                \u001b[33mclass\u001b[39m=\u001b[32m\"w-full rounded-md border px-3 py-2 text-sm text-gray-900 shadow-sm outline-none transition border-gray-300 focus:border-blue-500 focus:ring-2 focus:ring-blue-200\"\u001b[39m\n                \u001b[33mid\u001b[39m=\u001b[32m\"_r_a_\"\u001b[39m\n                \u001b[33mplaceholder\u001b[39m=\u001b[32m\"AA-12-BB\"\u001b[39m\n                \u001b[33mrequired\u001b[39m=\u001b[32m\"\"\u001b[39m\n                \u001b[33mtype\u001b[39m=\u001b[32m\"text\"\u001b[39m\n                \u001b[33mvalue\u001b[39m=\u001b[32m\"AA-12-BB\"\u001b[39m\n              \u001b[36m/>\u001b[39m\n            \u001b[36m</div>\u001b[39m\n            \u001b[36m<div\u001b[39m\n              \u001b[33mclass\u001b[39m=\u001b[32m\"flex flex-col gap-2\"\u001b[39m\n            \u001b[36m>\u001b[39m\n              \u001b[36m<label\u001b[39m\n                \u001b[33mclass\u001b[39m=\u001b[32m\"text-sm font-medium text-gray-700\"\u001b[39m\n                \u001b[33mfor\u001b[39m=\u001b[32m\"_r_b_\"\u001b[39m\n              \u001b[36m>\u001b[39m\n                \u001b[0mType\u001b[0m\n                \u001b[36m<span\u001b[39m\n                  \u001b[33mclass\u001b[39m=\u001b[32m\"ml-1 text-red-600\"\u001b[39m\n                \u001b[36m>\u001b[39m\n                  \u001b[0m*\u001b[0m\n                \u001b[36m</span>\u001b[39m\n              \u001b[36m</label>\u001b[39m\n              \u001b[36m<select\u001b[39m\n                \u001b[33maria-invalid\u001b[39m=\u001b[32m\"false\"\u001b[39m\n                \u001b[33mclass\u001b[39m=\u001b[32m\"w-full rounded-md border px-3 py-2 text-sm text-gray-900 shadow-sm outline-none transition border-gray-300 focus:border-blue-500 focus:ring-2 focus:ring-blue-200\"\u001b[39m\n                \u001b[33mid\u001b[39m=\u001b[32m\"_r_b_\"\u001b[39m\n                \u001b[33mrequired\u001b[39m=\u001b[32m\"\"\u001b[39m\n              \u001b[36m>\u001b[39m\n                \u001b[36m<option\u001b[39m\n                  \u001b[33mvalue\u001b[39m=\u001b[32m\"\"\u001b[39m\n                \u001b[36m>\u001b[39m\n                  \u001b[0mSelect type\u001b[0m\n                \u001b[36m</option>\u001b[39m\n                \u001b[36m<option\u001b[39m\n                  \u001b[33mvalue\u001b[39m=\u001b[32m\"Light Vehicle\"\u001b[39m\n                \u001b[36m>\u001b[39m\n                  \u001b[0mLight Vehicle\u001b[0m\n                \u001b[36m</option>\u001b[39m\n                \u001b[36m<option\u001b[39m\n                  \u001b[33mvalue\u001b[39m=\u001b[32m\"Heavy Vehicle\"\u001b[39m\n                \u001b[36m>\u001b[39m\n                  \u001b[0mHeavy Vehicle\u001b[0m\n                \u001b[36m</option>\u001b[39m\n                \u001b[36m<option\u001b[39m\n                  \u001b[33mvalue\u001b[39m=\u001b[32m\"Van\"\u001b[39m\n                \u001b[36m>\u001b[39m\n                  \u001b[0mVan\u001b[0m\n                \u001b[36m</option>\u001b[39m\n                \u001b[36m<option\u001b[39m\n                  \u001b[33mvalue\u001b[39m=\u001b[32m\"Minibus\"\u001b[39m\n                \u001b[36m>\u001b[39m\n                  \u001b[0mMinibus\u001b[0m\n                \u001b[36m</option>\u001b[39m\n                \u001b[36m<option\u001b[39m\n                  \u001b[33mvalue\u001b[39m=\u001b[32m\"Bus\"\u001b[39m\n                \u001b[36m>\u001b[39m\n                  \u001b[0mBus\u001b[0m\n                \u001b[36m</option>\u001b[39m\n                \u001b[36m<option\u001b[39m\n                  \u001b[33mvalue\u001b[39m=\u001b[32m\"SUV\"\u001b[39m\n                \u001b[36m>\u001b[39m\n                  \u001b[0mSUV\u001b[0m\n                \u001b[36m</option>\u001b[39m\n                \u001b[36m<option\u001b[39m\n                  \u001b[33mvalue\u001b[39m=\u001b[32m\"Hybrid\"\u001b[39m\n                \u001b[36m>\u001b[39m\n                  \u001b[0mHybrid\u001b[0m\n                \u001b[36m</option>\u001b[39m\n                \u001b[36m<option\u001b[39m\n                  \u001b[33mvalue\u001b[39m=\u001b[32m\"Taxi\"\u001b[39m\n                \u001b[36m>\u001b[39m\n                  \u001b[0mTaxi\u001b[0m\n                \u001b[36m</option>\u001b[39m\n                \u001b[36m<option\u001b[39m\n                  \u001b[33mvalue\u001b[39m=\u001b[32m\"School Bus\"\u001b[39m\n                \u001b[36m>\u001b[39m\n                  \u001b[0mSchool Bus\u001b[0m\n                \u001b[36m</option>\u001b[39m\n                \u001b[36m<option\u001b[39m\n                  \u001b[33mvalue\u001b[39m=\u001b[32m\"Other\"\u001b[39m\n                \u001b[36m>\u001b[39m\n                  \u001b[0mOther\u001b[0m\n                \u001b[36m</option>\u001b[39m\n              \u001b[36m</select>\u001b[39m\n            \u001b[36m</div>\u001b[39m\n            \u001b[36m<div\u001b[39m\n              \u001b[33mclass\u001b[39m=\u001b[32m\"flex flex-col gap-2\"\u001b[39m\n            \u001b[36m>\u001b[39m\n              \u001b[36m<label\u001b[39m\n                \u001b[33mclass\u001b[39m=\u001b[32m\"text-sm font-medium text-gray-700\"\u001b[39m\n                \u001b[33mfor\u001b[39m=\u001b[32m\"_r_c_\"\u001b[39m\n              \u001b[36m>\u001b[39m\n                \u001b[0mBrand\u001b[0m\n                \u001b[36m<span\u001b[39m\n                  \u001b[33mclass\u001b[39m=\u001b[32m\"ml-1 text-red-600\"\u001b[39m\n                \u001b[36m>\u001b[39m\n                  \u001b[0m*\u001b[0m\n                \u001b[36m</span>\u001b[39m\n              \u001b[36m</label>\u001b[39m\n              \u001b[36m<input\u001b[39m\n                \u001b[33maria-invalid\u001b[39m=\u001b[32m\"false\"\u001b[39m\n                \u001b[33mautocomplete\u001b[39m=\u001b[32m\"off\"\u001b[39m\n                \u001b[33mclass\u001b[39m=\u001b[32m\"w-full rounded-md border px-3 py-2 text-sm text-gray-900 shadow-sm outline-none transition border-gray-300 focus:border-blue-500 focus:ring-2 focus:ring-blue-200\"\u001b[39m\n                \u001b[33mid\u001b[39m=\u001b[32m\"_r_c_\"\u001b[39m\n                \u001b[33mplaceholder\u001b[39m=\u001b[32m\"Mercedes\"\u001b[39m\n                \u001b[33mrequired\u001b[39m=\u001b[32m\"\"\u001b[39m\n                \u001b[33mtype\u001b[39m=\u001b[32m\"text\"\u001b[39m\n                \u001b[33mvalue\u001b[39m=\u001b[32m\"Mercedes\"\u001b[39m\n              \u001b[36m/>\u001b[39m\n            \u001b[36m</div>\u001b[39m\n            \u001b[36m<div\u001b[39m\n              \u001b[33mclass\u001b[39m=\u001b[32m\"flex flex-col gap-2\"\u001b[39m\n            \u001b[36m>\u001b[39m\n              \u001b[36m<label\u001b[39m\n                \u001b[33mclass\u001b[39m=\u001b[32m\"text-sm font-medium text-gray-700\"\u001b[39m\n                \u001b[33mfor\u001b[39m=\u001b[32m\"_r_d_\"\u001b[39m\n              \u001b[36m>\u001b[39m\n                \u001b[0mModel\u001b[0m\n                \u001b[36m<span\u001b[39m\n                  \u001b[33mclass\u001b[39m=\u001b[32m\"ml-1 text-red-600\"\u001b[39m\n                \u001b[36m>\u001b[39m\n                  \u001b[0m*\u001b[0m\n                \u001b[36m</span>\u001b[39m\n              \u001b[36m</label>\u001b[39m\n              \u001b[36m<input\u001b[39m\n                \u001b[33maria-invalid\u001b[39m=\u001b[32m\"false\"\u001b[39m\n                \u001b[33mautocomplete\u001b[39m=\u001b[32m\"off\"\u001b[39m\n                \u001b[33mclass\u001b[39m=\u001b[32m\"w-full rounded-md border px-3 py-2 text-sm text-gray-900 shadow-sm outline-none transition border-gray-300 focus:border-blue-500 focus:ring-2 focus:ring-blue-200\"\u001b[39m\n                \u001b[33mid\u001b[39m=\u001b[32m\"_r_d_\"\u001b[39m\n                \u001b[33mplaceholder\u001b[39m=\u001b[32m\"Sprinter\"\u001b[39m\n                \u001b[33mrequired\u001b[39m=\u001b[32m\"\"\u001b[39m\n                \u001b[33mtype\u001b[39m=\u001b[32m\"text\"\u001b[39m\n                \u001b[33mvalue\u001b[39m=\u001b[32m\"Sprinter\"\u001b[39m\n              \u001b[36m/>\u001b[39m\n            \u001b[36m</div>\u001b[39m\n            \u001b[36m<div\u001b[39m\n              \u001b[33mclass\u001b[39m=\u001b[32m\"flex flex-col gap-2\"\u001b[39m\n            \u001b[36m>\u001b[39m\n              \u001b[36m<label\u001b[39m\n                \u001b[33mclass\u001b[39m=\u001b[32m\"text-sm font-medium text-gray-700\"\u001b[39m\n                \u001b[33mfor\u001b[39m=\u001b[32m\"_r_e_\"\u001b[39m\n              \u001b[36m>\u001b[39m\n                \u001b[0mColor\u001b[0m\n                \u001b[36m<span\u001b[39m\n                  \u001b[33mclass\u001b[39m=\u001b[32m\"ml-1 text-red-600\"\u001b[39m\n                \u001b[36m>\u001b[39m\n                  \u001b[0m*\u001b[0m\n                \u001b[36m</span>\u001b[39m\n              \u001b[36m</label>\u001b[39m\n              \u001b[36m<input\u001b[39m\n                \u001b[33maria-invalid\u001b[39m=\u001b[32m\"false\"\u001b[39m\n                \u001b[33mautocomplete\u001b[39m=\u001b[32m\"off\"\u001b[39m\n                \u001b[33mclass\u001b[39m=\u001b[32m\"w-full rounded-md border px-3 py-2 text-sm text-gray-900 shadow-sm outline-none transition border-gray-300 focus:border-blue-500 focus:ring-2 focus:ring-blue-200\"\u001b[39m\n                \u001b[33mid\u001b[39m=\u001b[32m\"_r_e_\"\u001b[39m\n                \u001b[33mplaceholder\u001b[39m=\u001b[32m\"White\"\u001b[39m\n                \u001b[33mrequired\u001b[39m=\u001b[32m\"\"\u001b[39m\n                \u001b[33mtype\u001b[39m=\u001b[32m\"text\"\u001b[39m\n                \u001b[33mvalue\u001b[39m=\u001b[32m\"White\"\u001b[39m\n              \u001b[36m/>\u001b[39m\n            \u001b[36m</div>\u001b[39m\n            \u001b[36m<div\u001b[39m\n              \u001b[33mclass\u001b[39m=\u001b[32m\"flex flex-col gap-2\"\u001b[39m\n            \u001b[36m>\u001b[39m\n              \u001b[36m<label\u001b[39m\n                \u001b[33mclass\u001b[39m=\u001b[32m\"text-sm font-medium text-gray-700\"\u001b[39m\n                \u001b[33mfor\u001b[39m=\u001b[32m\"_r_f_\"\u001b[39m\n              \u001b[36m>\u001b[39m\n                \u001b[0mYear\u001b[0m\n                \u001b[36m<span\u001b[39m\n                  \u001b[33mclass\u001b[39m=\u001b[32m\"ml-1 text-red-600\"\u001b[39m\n                \u001b[36m>\u001b[39m\n                  \u001b[0m*\u001b[0m\n                \u001b[36m</span>\u001b[39m\n              \u001b[36m</label>\u001b[39m\n              \u001b[36m<input\u001b[39m\n                \u001b[33maria-invalid\u001b[39m=\u001b[32m\"false\"\u001b[39m\n                \u001b[33mclass\u001b[39m=\u001b[32m\"w-full rounded-md border px-3 py-2 text-sm text-gray-900 shadow-sm outline-none transition border-gray-300 focus:border-blue-500 focus:ring-2 focus:ring-blue-200\"\u001b[39m\n                \u001b[33mid\u001b[39m=\u001b[32m\"_r_f_\"\u001b[39m\n                \u001b[33mplaceholder\u001b[39m=\u001b[32m\"2022\"\u001b[39m\n                \u001b[33mrequired\u001b[39m=\u001b[32m\"\"\u001b[39m\n                \u001b[33mtype\u001b[39m=\u001b[32m\"number\"\u001b[39m\n                \u001b[33mvalue\u001b[39m=\u001b[32m\"2023\"\u001b[39m\n              \u001b[36m/>\u001b[39m\n            \u001b[36m</div>\u001b[39m\n            \u001b[36m<div\u001b[39m\n              \u001b[33mclass\u001b[39m=\u001b[32m\"flex flex-col gap-2\"\u001b[39m\n            \u001b[36m>\u001b[39m\n              \u001b[36m<label\u001b[39m\n                \u001b[33mclass\u001b[39m=\u001b[32m\"text-sm font-medium text-gray-700\"\u001b[39m\n                \u001b[33mfor\u001b[39m=\u001b[32m\"_r_g_\"\u001b[39m\n              \u001b[36m>\u001b[39m\n                \u001b[0mPassenger Capacity\u001b[0m\n                \u001b[36m<span\u001b[39m\n                  \u001b[33mclass\u001b[39m=\u001b[32m\"ml-1 text-red-600\"\u001b[39m\n                \u001b[36m>\u001b[39m\n                  \u001b[0m*\u001b[0m\n                \u001b[36m</span>\u001b[39m\n              \u001b[36m</label>\u001b[39m\n              \u001b[36m<input\u001b[39m\n                \u001b[33maria-invalid\u001b[39m=\u001b[32m\"false\"\u001b[39m\n                \u001b[33mclass\u001b[39m=\u001b[32m\"w-full rounded-md border px-3 py-2 text-sm text-gray-900 shadow-sm outline-none transition border-gray-300 focus:border-blue-500 focus:ring-2 focus:ring-blue-200\"\u001b[39m\n                \u001b[33mid\u001b[39m=\u001b[32m\"_r_g_\"\u001b[39m\n                \u001b[33mplaceholder\u001b[39m=\u001b[32m\"16\"\u001b[39m\n                \u001b[33mrequired\u001b[39m=\u001b[32m\"\"\u001b[39m\n                \u001b[33mtype\u001b[39m=\u001b[32m\"number\"\u001b[39m\n                \u001b[33mvalue\u001b[39m=\u001b[32m\"16\"\u001b[39m\n              \u001b[36m/>\u001b[39m\n            \u001b[36m</div>\u001b[39m\n          \u001b[36m</div>\u001b[39m\n        \u001b[36m</section>\u001b[39m\n        \u001b[36m<section\u001b[39m\n          \u001b[33mclass\u001b[39m=\u001b[32m\"space-y-4 rounded-xl border border-gray-200 bg-white p-5 shadow-sm\"\u001b[39m\n        \u001b[36m>\u001b[39m\n          \u001b[36m<div>\u001b[39m\n            \u001b[36m<h2\u001b[39m\n              \u001b[33mclass\u001b[39m=\u001b[32m\"text-base font-semibold text-gray-900\"\u001b[39m\n            \u001b[36m>\u001b[39m\n              \u001b[0mOptional Details\u001b[0m\n            \u001b[36m</h2>\u001b[39m\n            \u001b[36m<p\u001b[39m\n              \u001b[33mclass\u001b[39m=\u001b[32m\"mt-1 text-sm text-gray-600\"\u001b[39m\n            \u001b[36m>\u001b[39m\n              \u001b[0mAdditional registration and assignment information.\u001b[0m\n            \u001b[36m</p>\u001b[39m\n          \u001b[36m</div>\u001b[39m\n          \u001b[36m<div\u001b[39m\n            \u001b[33mclass\u001b[39m=\u001b[32m\"grid gap-4 md:grid-cols-2\"\u001b[39m\n          \u001b[36m>\u001b[39m\n            \u001b[36m<div\u001b[39m\n              \u001b[33mclass\u001b[39m=\u001b[32m\"flex flex-col gap-2\"\u001b[39m\n            \u001b[36m>\u001b[39m\n              \u001b[36m<label\u001b[39m\n                \u001b[33mclass\u001b[39m=\u001b[32m\"text-sm font-medium text-gray-700\"\u001b[39m\n                \u001b[33mfor\u001b[39m=\u001b[32m\"_r_h_\"\u001b[39m\n              \u001b[36m>\u001b[39m\n                \u001b[0mRegistration Date\u001b[0m\n              \u001b[36m</label>\u001b[39m\n              \u001b[36m<input\u001b[39m\n                \u001b[33maria-invalid\u001b[39m=\u001b[32m\"false\"\u001b[39m\n                \u001b[33mclass\u001b[39m=\u001b[32m\"w-full rounded-md border px-3 py-2 text-sm text-gray-900 shadow-sm outline-none transition border-gray-300 focus:border-blue-500 focus:ring-2 focus:ring-blue-200\"\u001b[39m\n                \u001b[33mid\u001b[39m=\u001b[32m\"_r_h_\"\u001b[39m\n                \u001b[33mtype\u001b[39m=\u001b[32m\"date\"\u001b[39m\n                \u001b[33mvalue\u001b[39m=\u001b[32m\"\"\u001b[39m\n              \u001b[36m/>\u001b[39m\n            \u001b[36m</div>\u001b[39m\n            \u001b[36m<div\u001b[39m\n              \u001b[33mclass\u001b[39m=\u001b[32m\"flex flex-col gap-2\"\u001b[39m\n            \u001b[36m>\u001b[39m\n              \u001b[36m<label\u001b[39m\n                \u001b[33mclass\u001b[39m=\u001b[32m\"text-sm font-medium text-gray-700\"\u001b[39m\n                \u001b[33mfor\u001b[39m=\u001b[32m\"_r_i_\"\u001b[39m\n              \u001b[36m>\u001b[39m\n                \u001b[0mInspection Expiry\u001b[0m\n              \u001b[36m</label>\u001b[39m\n              \u001b[36m<input\u001b[39m\n                \u001b[33maria-invalid\u001b[39m=\u001b[32m\"false\"\u001b[39m\n                \u001b[33mclass\u001b[39m=\u001b[32m\"w-full rounded-md border px-3 py-2 text-sm text-gray-900 shadow-sm outline-none transition border-gray-300 focus:border-blue-500 focus:ring-2 focus:ring-blue-200\"\u001b[39m\n                \u001b[33mid\u001b[39m=\u001b[32m\"_r_i_\"\u001b[39m\n                \u001b[33mtype\u001b[39m=\u001b[32m\"date\"\u001b[39m\n                \u001b[33mvalue\u001b[39m=\u001b[32m\"\"\u001b[39m\n              \u001b[36m/>\u001b[39m\n            \u001b[36m</div>\u001b[39m\n            \u001b[36m<div\u001b[39m\n              \u001b[33mclass\u001b[39m=\u001b[32m\"flex flex-col gap-2\"\u001b[39m\n            \u001b[36m>\u001b[39m\n              \u001b[36m<label\u001b[39m\n                \u001b[33mclass\u001b[39m=\u001b[32m\"text-sm font-medium text-gray-700\"\u001b[39m\n                \u001b[33mfor\u001b[39m=\u001b[32m\"_r_j_\"\u001b[39m\n              \u001b[36m>\u001b[39m\n                \u001b[0mSuited For\u001b[0m\n              \u001b[36m</label>\u001b[39m\n              \u001b[36m<select\u001b[39m\n                \u001b[33maria-describedby\u001b[39m=\u001b[32m\"_r_j_-error\"\u001b[39m\n                \u001b[33maria-invalid\u001b[39m=\u001b[32m\"true\"\u001b[39m\n                \u001b[33mclass\u001b[39m=\u001b[32m\"w-full rounded-md border px-3 py-2 text-sm text-gray-900 shadow-sm outline-none transition border-red-300 focus:border-red-500 focus:ring-2 focus:ring-red-100\"\u001b[39m\n                \u001b[33mid\u001b[39m=\u001b[32m\"_r_j_\"\u001b[39m\n              \u001b[36m>\u001b[39m\n                \u001b[36m<option\u001b[39m\n                  \u001b[33mvalue\u001b[39m=\u001b[32m\"\"\u001b[39m\n                \u001b[36m>\u001b[39m\n                  \u001b[0mSelect service type\u001b[0m\n                \u001b[36m</option>\u001b[39m\n                \u001b[36m<option\u001b[39m\n                  \u001b[33mvalue\u001b[39m=\u001b[32m\"Tour\"\u001b[39m\n                \u001b[36m>\u001b[39m\n                  \u001b[0mTour\u001b[0m\n                \u001b[36m</option>\u001b[39m\n                \u001b[36m<option\u001b[39m\n                  \u001b[33mvalue\u001b[39m=\u001b[32m\"Levada\"\u001b[39m\n                \u001b[36m>\u001b[39m\n                  \u001b[0mLevada\u001b[0m\n                \u001b[36m</option>\u001b[39m\n                \u001b[36m<option\u001b[39m\n                  \u001b[33mvalue\u001b[39m=\u001b[32m\"Transfer\"\u001b[39m\n                \u001b[36m>\u001b[39m\n                  \u001b[0mTransfer\u001b[0m\n                \u001b[36m</option>\u001b[39m\n                \u001b[36m<option\u001b[39m\n                  \u001b[33mvalue\u001b[39m=\u001b[32m\"Taxi\"\u001b[39m\n                \u001b[36m>\u001b[39m\n                  \u001b[0mTaxi\u001b[0m\n                \u001b[36m</option>\u001b[39m\n                \u001b[36m<option\u001b[39m\n                  \u001b[33mvalue\u001b[39m=\u001b[32m\"Shuttle\"\u001b[39m\n                \u001b[36m>\u001b[39m\n                  \u001b[0mShuttle\u001b[0m\n                \u001b[36m</option>\u001b[39m\n              \u001b[36m</select>\u001b[39m\n              \u001b[36m<p\u001b[39m\n                \u001b[33mclass\u001b[39m=\u001b[32m\"text-sm text-red-600\"\u001b[39m\n                \u001b[33mid\u001b[39m=\u001b[32m\"_r_j_-error\"\u001b[39m\n                \u001b[33mrole\u001b[39m=\u001b[32m\"alert\"\u001b[39m\n              \u001b[36m>\u001b[39m\n                \u001b[0mInvalid option: expected one of \"Tour\"|\"Levada\"|\"Transfer\"|\"Taxi\"|\"Shuttle\"\u001b[0m\n              \u001b[36m</p>\u001b[39m\n            \u001b[36m</div>\u001b[39m\n            \u001b[36m<div\u001b[39m\n              \u001b[33mclass\u001b[39m=\u001b[32m\"flex items-end\"\u001b[39m\n            \u001b[36m>\u001b[39m\n              \u001b[36m<label\u001b[39m\n                \u001b[33mclass\u001b[39m=\u001b[32m\"flex items-center gap-2 text-sm font-medium text-gray-700\"\u001b[39m\n              \u001b[36m>\u001b[39m\n                \u001b[36m<input\u001b[39m\n                  \u001b[33mchecked\u001b[39m=\u001b[32m\"\"\u001b[39m\n                  \u001b[33mclass\u001b[39m=\u001b[32m\"h-4 w-4 rounded border-gray-300 text-blue-600\"\u001b[39m\n                  \u001b[33mtype\u001b[39m=\u001b[32m\"checkbox\"\u001b[39m\n                \u001b[36m/>\u001b[39m\n                \u001b[36m<span>\u001b[39m\n                  \u001b[0mActive\u001b[0m\n                \u001b[36m</span>\u001b[39m\n              \u001b[36m</label>\u001b[39m\n            \u001b[36m</div>\u001b[39m\n          \u001b[36m</div>\u001b[39m\n          \u001b[36m<div\u001b[39m\n            \u001b[33mclass\u001b[39m=\u001b[32m\"mt-4\"\u001b[39m\n          \u001b[36m>\u001b[39m\n            \u001b[36m<label\u001b[39m\n              \u001b[33mclass\u001b[39m=\u001b[32m\"flex flex-col gap-2 text-sm font-medium text-gray-700\"\u001b[39m\n            \u001b[36m>\u001b[39m\n              \u001b[36m<span>\u001b[39m\n                \u001b[0mNotes\u001b[0m\n              \u001b[36m</span>\u001b[39m\n              \u001b[36m<textarea\u001b[39m\n                \u001b[33mclass\u001b[39m=\u001b[32m\"rounded-md border border-gray-300 px-3 py-2 text-sm text-gray-900 shadow-sm outline-none transition focus:border-blue-500 focus:ring-2 focus:ring-blue-200\"\u001b[39m\n                \u001b[33mplaceholder\u001b[39m=\u001b[32m\"Any additional notes about this vehicle\"\u001b[39m\n                \u001b[33mrows\u001b[39m=\u001b[32m\"3\"\u001b[39m\n              \u001b[36m/>\u001b[39m\n            \u001b[36m</label>\u001b[39m\n          \u001b[36m</div>\u001b[39m\n        \u001b[36m</section>\u001b[39m\n        \u001b[36m<div\u001b[39m\n          \u001b[33mclass\u001b[39m=\u001b[32m\"flex flex-wrap items-center gap-3\"\u001b[39m\n        \u001b[36m>\u001b[39m\n          \u001b[36m<button\u001b[39m\n            \u001b[33mclass\u001b[39m=\u001b[32m\"inline-flex items-center justify-center rounded-md bg-blue-600 px-4 py-2 text-sm font-medium text-white transition hover:bg-blue-700 focus-visible:outline-none focus-visible:ring-2 focus-visible:ring-blue-500 disabled:cursor-not-allowed disabled:opacity-70\"\u001b[39m\n            \u001b[33mtype\u001b[39m=\u001b[32m\"submit\"\u001b[39m\n          \u001b[36m>\u001b[39m\n            \u001b[0mSave Vehicle\u001b[0m\n          \u001b[36m</button>\u001b[39m\n          \u001b[36m<a\u001b[39m\n            \u001b[33mclass\u001b[39m=\u001b[32m\"inline-flex items-center justify-center rounded-md border border-gray-300 px-4 py-2 text-sm font-medium text-gray-700 transition hover:bg-gray-100 focus-visible:outline-none focus-visible:ring-2 focus-visible:ring-blue-500\"\u001b[39m\n            \u001b[33mdata-discover\u001b[39m=\u001b[32m\"true\"\u001b[39m\n            \u001b[33mhref\u001b[39m=\u001b[32m\"/vehicles\"\u001b[39m\n          \u001b[36m>\u001b[39m\n            \u001b[0mCancel\u001b[0m\n          \u001b[36m</a>\u001b[39m\n        \u001b[36m</div>\u001b[39m\n      \u001b[36m</form>\u001b[39m\n    \u001b[36m</div>\u001b[39m\n  \u001b[36m</body>\u001b[39m\n\u001b[36m</html>\u001b[39m\n    at C:/Users/Admin/Desktop/shuttle web app/TransitDesk/src/features/vehicles/components/VehicleForm.test.tsx:44:21\n    at runWithExpensiveErrorDiagnosticsDisabled (C:\\Users\\Admin\\Desktop\\shuttle web app\\TransitDesk\\node_modules\\@testing-library\\dom\\dist\\config.js:47:12)\n    at checkCallback (C:\\Users\\Admin\\Desktop\\shuttle web app\\TransitDesk\\node_modules\\@testing-library\\dom\\dist\\wait-for.js:124:77)\n    at Timeout.checkRealTimersCallback (C:\\Users\\Admin\\Desktop\\shuttle web app\\TransitDesk\\node_modules\\@testing-library\\dom\\dist\\wait-for.js:118:16)\n    at listOnTimeout (node:internal/timers:594:17)\n    at processTimers (node:internal/timers:529:7)"],"meta":{},"tags":[]}],"startTime":1774095864549,"endTime":1774095865830.6348,"status":"failed","message":"","name":"C:/Users/Admin/Desktop/shuttle web app/TransitDesk/src/features/vehicles/components/VehicleForm.test.tsx"},{"assertionResults":[{"ancestorTitles":["vehicle schemas"],"fullName":"vehicle schemas accepts valid vehicle create payload","status":"passed","title":"accepts valid vehicle create payload","duration":4.1633999999999105,"failureMessages":[],"meta":{},"tags":[]},{"ancestorTitles":["vehicle schemas"],"fullName":"vehicle schemas rejects invalid vehicle create payload","status":"passed","title":"rejects invalid vehicle create payload","duration":0.8493000000000848,"failureMessages":[],"meta":{},"tags":[]},{"ancestorTitles":["vehicle schemas"],"fullName":"vehicle schemas rejects invalid vehicle update id","status":"passed","title":"rejects invalid vehicle update id","duration":1.1533999999999196,"failureMessages":[],"meta":{},"tags":[]}],"startTime":1774095864509,"endTime":1774095864515.1533,"status":"passed","message":"","name":"C:/Users/Admin/Desktop/shuttle web app/TransitDesk/src/features/vehicles/schemas/vehicleForm.schema.test.ts"}]}